This file contains any messages produced by compilers while
running configure, to aid debugging if configure makes a mistake.

It was created by ctemplate configure 2.3, which was
generated by GNU Autoconf 2.69.  Invocation command line was

  $ /home/ioannis/Documents/UCL_project/code_development/GPU_code/github_GPU_Hemepure_GPU_BSD/HemePure_GPU_BSD/dep/build/CTemplate-prefix/src/CTemplate/configure --prefix=/home/ioannis/Documents/UCL_project/code_development/GPU_code/github_GPU_Hemepure_GPU_BSD/HemePure_GPU_BSD/dep/install

## --------- ##
## Platform. ##
## --------- ##

hostname = ioannis-Vostro-7590
uname -m = x86_64
uname -r = 5.4.0-186-generic
uname -s = Linux
uname -v = #206-Ubuntu SMP Fri Apr 26 12:31:10 UTC 2024

/usr/bin/uname -p = unknown
/bin/uname -X     = unknown

/bin/arch              = unknown
/usr/bin/arch -k       = unknown
/usr/convex/getsysinfo = unknown
/usr/bin/hostinfo      = unknown
/bin/machine           = unknown
/usr/bin/oslevel       = unknown
/bin/universe          = unknown

PATH: /opt/openmpi-3.0.0/bin
PATH: /usr/local/cuda-11.8/bin
PATH: /home/ioannis/.local/bin
PATH: /home/ioannis/bin
PATH: /usr/local/sbin
PATH: /usr/local/bin
PATH: /usr/sbin
PATH: /usr/bin
PATH: /sbin
PATH: /bin
PATH: /usr/games
PATH: /usr/local/games
PATH: /snap/bin
PATH: /usr/local/cuda/bin


## ----------- ##
## Core tests. ##
## ----------- ##

configure:2563: checking whether make supports nested variables
configure:2580: result: yes
configure:2633: checking build system type
configure:2647: result: x86_64-unknown-linux-gnu
configure:2667: checking host system type
configure:2680: result: x86_64-unknown-linux-gnu
configure:2716: checking for a BSD-compatible install
configure:2784: result: /usr/bin/install -c
configure:2795: checking whether build environment is sane
configure:2845: result: yes
configure:2986: checking for a thread-safe mkdir -p
configure:3025: result: /bin/mkdir -p
configure:3038: checking for gawk
configure:3068: result: no
configure:3038: checking for mawk
configure:3054: found /usr/bin/mawk
configure:3065: result: mawk
configure:3076: checking whether make sets $(MAKE)
configure:3098: result: yes
configure:3240: checking for g++
configure:3256: found /usr/bin/g++
configure:3267: result: g++
configure:3294: checking for C++ compiler version
configure:3303: g++ --version >&5
g++ (Ubuntu 10.5.0-1ubuntu1~20.04) 10.5.0
Copyright (C) 2020 Free Software Foundation, Inc.
This is free software; see the source for copying conditions.  There is NO
warranty; not even for MERCHANTABILITY or FITNESS FOR A PARTICULAR PURPOSE.

configure:3314: $? = 0
configure:3303: g++ -v >&5
Using built-in specs.
COLLECT_GCC=g++
COLLECT_LTO_WRAPPER=/usr/lib/gcc/x86_64-linux-gnu/10/lto-wrapper
OFFLOAD_TARGET_NAMES=nvptx-none:amdgcn-amdhsa:hsa
OFFLOAD_TARGET_DEFAULT=1
Target: x86_64-linux-gnu
Configured with: ../src/configure -v --with-pkgversion='Ubuntu 10.5.0-1ubuntu1~20.04' --with-bugurl=file:///usr/share/doc/gcc-10/README.Bugs --enable-languages=c,ada,c++,go,brig,d,fortran,objc,obj-c++,m2 --prefix=/usr --with-gcc-major-version-only --program-suffix=-10 --program-prefix=x86_64-linux-gnu- --enable-shared --enable-linker-build-id --libexecdir=/usr/lib --without-included-gettext --enable-threads=posix --libdir=/usr/lib --enable-nls --enable-bootstrap --enable-clocale=gnu --enable-libstdcxx-debug --enable-libstdcxx-time=yes --with-default-libstdcxx-abi=new --enable-gnu-unique-object --disable-vtable-verify --enable-plugin --enable-default-pie --with-system-zlib --enable-libphobos-checking=release --with-target-system-zlib=auto --enable-objc-gc=auto --enable-multiarch --disable-werror --with-arch-32=i686 --with-abi=m64 --with-multilib-list=m32,m64,mx32 --enable-multilib --with-tune=generic --enable-offload-targets=nvptx-none=/build/gcc-10-g5VkgL/gcc-10-10.5.0/debian/tmp-nvptx/usr,amdgcn-amdhsa=/build/gcc-10-g5VkgL/gcc-10-10.5.0/debian/tmp-gcn/usr,hsa --without-cuda-driver --enable-checking=release --build=x86_64-linux-gnu --host=x86_64-linux-gnu --target=x86_64-linux-gnu --with-build-config=bootstrap-lto-lean --enable-link-mutex
Thread model: posix
Supported LTO compression algorithms: zlib zstd
gcc version 10.5.0 (Ubuntu 10.5.0-1ubuntu1~20.04) 
... rest of stderr output deleted ...
configure:3314: $? = 0
configure:3303: g++ -V >&5
g++: error: unrecognized command-line option '-V'
g++: fatal error: no input files
compilation terminated.
configure:3314: $? = 1
configure:3303: g++ -qversion >&5
g++: error: unrecognized command-line option '-qversion'; did you mean '--version'?
g++: fatal error: no input files
compilation terminated.
configure:3314: $? = 1
configure:3334: checking whether the C++ compiler works
configure:3356: g++    conftest.cpp  >&5
configure:3360: $? = 0
configure:3408: result: yes
configure:3411: checking for C++ compiler default output file name
configure:3413: result: a.out
configure:3419: checking for suffix of executables
configure:3426: g++ -o conftest    conftest.cpp  >&5
configure:3430: $? = 0
configure:3452: result: 
configure:3474: checking whether we are cross compiling
configure:3482: g++ -o conftest    conftest.cpp  >&5
configure:3486: $? = 0
configure:3493: ./conftest
configure:3497: $? = 0
configure:3485: result: no
configure:3490: checking for suffix of object files
configure:3512: g++ -c   conftest.cpp >&5
configure:3516: $? = 0
configure:3537: result: o
configure:3541: checking whether we are using the GNU C++ compiler
configure:3560: g++ -c   conftest.cpp >&5
configure:3560: $? = 0
configure:3569: result: yes
configure:3578: checking whether g++ accepts -g
configure:3598: g++ -c -g  conftest.cpp >&5
configure:3598: $? = 0
configure:3639: result: yes
configure:3673: checking for style of include used by make
configure:3701: result: GNU
configure:3727: checking dependency style of g++
configure:3838: result: gcc3
configure:3901: checking for gcc
configure:3917: found /usr/bin/gcc
configure:3928: result: gcc
configure:4157: checking for C compiler version
configure:4166: gcc --version >&5
gcc (Ubuntu 10.5.0-1ubuntu1~20.04) 10.5.0
Copyright (C) 2020 Free Software Foundation, Inc.
This is free software; see the source for copying conditions.  There is NO
warranty; not even for MERCHANTABILITY or FITNESS FOR A PARTICULAR PURPOSE.

configure:4177: $? = 0
configure:4166: gcc -v >&5
Using built-in specs.
COLLECT_GCC=gcc
COLLECT_LTO_WRAPPER=/usr/lib/gcc/x86_64-linux-gnu/10/lto-wrapper
OFFLOAD_TARGET_NAMES=nvptx-none:amdgcn-amdhsa:hsa
OFFLOAD_TARGET_DEFAULT=1
Target: x86_64-linux-gnu
Configured with: ../src/configure -v --with-pkgversion='Ubuntu 10.5.0-1ubuntu1~20.04' --with-bugurl=file:///usr/share/doc/gcc-10/README.Bugs --enable-languages=c,ada,c++,go,brig,d,fortran,objc,obj-c++,m2 --prefix=/usr --with-gcc-major-version-only --program-suffix=-10 --program-prefix=x86_64-linux-gnu- --enable-shared --enable-linker-build-id --libexecdir=/usr/lib --without-included-gettext --enable-threads=posix --libdir=/usr/lib --enable-nls --enable-bootstrap --enable-clocale=gnu --enable-libstdcxx-debug --enable-libstdcxx-time=yes --with-default-libstdcxx-abi=new --enable-gnu-unique-object --disable-vtable-verify --enable-plugin --enable-default-pie --with-system-zlib --enable-libphobos-checking=release --with-target-system-zlib=auto --enable-objc-gc=auto --enable-multiarch --disable-werror --with-arch-32=i686 --with-abi=m64 --with-multilib-list=m32,m64,mx32 --enable-multilib --with-tune=generic --enable-offload-targets=nvptx-none=/build/gcc-10-g5VkgL/gcc-10-10.5.0/debian/tmp-nvptx/usr,amdgcn-amdhsa=/build/gcc-10-g5VkgL/gcc-10-10.5.0/debian/tmp-gcn/usr,hsa --without-cuda-driver --enable-checking=release --build=x86_64-linux-gnu --host=x86_64-linux-gnu --target=x86_64-linux-gnu --with-build-config=bootstrap-lto-lean --enable-link-mutex
Thread model: posix
Supported LTO compression algorithms: zlib zstd
gcc version 10.5.0 (Ubuntu 10.5.0-1ubuntu1~20.04) 
... rest of stderr output deleted ...
configure:4177: $? = 0
configure:4166: gcc -V >&5
gcc: error: unrecognized command-line option '-V'
gcc: fatal error: no input files
compilation terminated.
configure:4177: $? = 1
configure:4166: gcc -qversion >&5
gcc: error: unrecognized command-line option '-qversion'; did you mean '--version'?
gcc: fatal error: no input files
compilation terminated.
configure:4177: $? = 1
configure:4181: checking whether we are using the GNU C compiler
configure:4200: gcc -c   conftest.c >&5
configure:4200: $? = 0
configure:4209: result: yes
configure:4218: checking whether gcc accepts -g
configure:4238: gcc -c -g  conftest.c >&5
configure:4238: $? = 0
configure:4279: result: yes
configure:4296: checking for gcc option to accept ISO C89
configure:4359: gcc  -c -g -O2  conftest.c >&5
configure:4359: $? = 0
configure:4372: result: none needed
configure:4394: checking dependency style of gcc
configure:4505: result: gcc3
configure:4521: checking whether gcc and cc understand -c and -o together
configure:4552: gcc -c conftest.c -o conftest2.o >&5
configure:4556: $? = 0
configure:4562: gcc -c conftest.c -o conftest2.o >&5
configure:4566: $? = 0
configure:4577: cc -c conftest.c >&5
configure:4581: $? = 0
configure:4589: cc -c conftest.c -o conftest2.o >&5
configure:4593: $? = 0
configure:4599: cc -c conftest.c -o conftest2.o >&5
configure:4603: $? = 0
configure:4621: result: yes
configure:4651: checking how to run the C preprocessor
configure:4682: gcc -E  conftest.c
configure:4682: $? = 0
configure:4696: gcc -E  conftest.c
conftest.c:11:10: fatal error: ac_nonexistent.h: No such file or directory
   11 | #include <ac_nonexistent.h>
      |          ^~~~~~~~~~~~~~~~~~
compilation terminated.
configure:4696: $? = 1
configure: failed program was:
| /* confdefs.h */
| #define PACKAGE_NAME "ctemplate"
| #define PACKAGE_TARNAME "ctemplate"
| #define PACKAGE_VERSION "2.3"
| #define PACKAGE_STRING "ctemplate 2.3"
| #define PACKAGE_BUGREPORT "google-ctemplate@googlegroups.com"
| #define PACKAGE_URL ""
| #define PACKAGE "ctemplate"
| #define VERSION "2.3"
| /* end confdefs.h.  */
| #include <ac_nonexistent.h>
configure:4721: result: gcc -E
configure:4741: gcc -E  conftest.c
configure:4741: $? = 0
configure:4755: gcc -E  conftest.c
conftest.c:11:10: fatal error: ac_nonexistent.h: No such file or directory
   11 | #include <ac_nonexistent.h>
      |          ^~~~~~~~~~~~~~~~~~
compilation terminated.
configure:4755: $? = 1
configure: failed program was:
| /* confdefs.h */
| #define PACKAGE_NAME "ctemplate"
| #define PACKAGE_TARNAME "ctemplate"
| #define PACKAGE_VERSION "2.3"
| #define PACKAGE_STRING "ctemplate 2.3"
| #define PACKAGE_BUGREPORT "google-ctemplate@googlegroups.com"
| #define PACKAGE_URL ""
| #define PACKAGE "ctemplate"
| #define VERSION "2.3"
| /* end confdefs.h.  */
| #include <ac_nonexistent.h>
configure:4901: checking for a sed that does not truncate output
configure:4965: result: /bin/sed
configure:4983: checking for grep that handles long lines and -e
configure:5041: result: /bin/grep
configure:5046: checking for egrep
configure:5108: result: /bin/grep -E
configure:5113: checking for fgrep
configure:5175: result: /bin/grep -F
configure:5210: checking for ld used by gcc
configure:5277: result: /usr/bin/ld
configure:5284: checking if the linker (/usr/bin/ld) is GNU ld
configure:5299: result: yes
configure:5311: checking for BSD- or MS-compatible name lister (nm)
configure:5360: result: /usr/bin/nm -B
configure:5478: checking the name lister (/usr/bin/nm -B) interface
configure:5516: gcc -c -g -O2  conftest.c >&5
configure:5519: /usr/bin/nm -B "conftest.o"
configure:5522: output
0000000000000000 B some_variable
configure:5492: result: BSD nm
configure:5495: checking whether ln -s works
configure:5499: result: yes
configure:5507: checking the maximum length of command line arguments
configure:5627: result: 1572864
configure:5644: checking whether the shell understands some XSI constructs
configure:5653: result: yes
configure:5657: checking whether the shell understands "+="
configure:5661: result: yes
configure:5696: checking for /usr/bin/ld option to reload object files
configure:5703: result: -r
configure:5772: checking for objdump
configure:5788: found /usr/bin/objdump
configure:5799: result: objdump
configure:5831: checking how to recognize dependent libraries
configure:6027: result: pass_all
configure:6087: checking for ar
configure:6103: found /usr/bin/ar
configure:6114: result: ar
configure:6192: checking for strip
configure:6208: found /usr/bin/strip
configure:6219: result: strip
configure:6291: checking for ranlib
configure:6307: found /usr/bin/ranlib
configure:6318: result: ranlib
configure:6408: checking command to parse /usr/bin/nm -B output from gcc object
configure:6526: gcc -c -g -O2  conftest.c >&5
configure:6529: $? = 0
configure:6533: /usr/bin/nm -B conftest.o \| sed -n -e 's/^.*[	 ]\([ABCDGIRSTW][ABCDGIRSTW]*\)[	 ][	 ]*\([_A-Za-z][_A-Za-z0-9]*\)$/\1 \2 \2/p' \> conftest.nm
configure:6536: $? = 0
configure:6590: gcc -o conftest -g -O2   conftest.c conftstm.o >&5
configure:6593: $? = 0
configure:6631: result: ok
configure:6727: gcc -c -g -O2  conftest.c >&5
configure:6730: $? = 0
configure:7436: checking for ANSI C header files
configure:7456: gcc -c -g -O2  conftest.c >&5
configure:7456: $? = 0
configure:7529: gcc -o conftest -g -O2   conftest.c  >&5
configure:7529: $? = 0
configure:7529: ./conftest
configure:7529: $? = 0
configure:7540: result: yes
configure:7553: checking for sys/types.h
configure:7553: gcc -c -g -O2  conftest.c >&5
configure:7553: $? = 0
configure:7553: result: yes
configure:7553: checking for sys/stat.h
configure:7553: gcc -c -g -O2  conftest.c >&5
configure:7553: $? = 0
configure:7553: result: yes
configure:7553: checking for stdlib.h
configure:7553: gcc -c -g -O2  conftest.c >&5
configure:7553: $? = 0
configure:7553: result: yes
configure:7553: checking for string.h
configure:7553: gcc -c -g -O2  conftest.c >&5
configure:7553: $? = 0
configure:7553: result: yes
configure:7553: checking for memory.h
configure:7553: gcc -c -g -O2  conftest.c >&5
configure:7553: $? = 0
configure:7553: result: yes
configure:7553: checking for strings.h
configure:7553: gcc -c -g -O2  conftest.c >&5
configure:7553: $? = 0
configure:7553: result: yes
configure:7553: checking for inttypes.h
configure:7553: gcc -c -g -O2  conftest.c >&5
configure:7553: $? = 0
configure:7553: result: yes
configure:7553: checking for stdint.h
configure:7553: gcc -c -g -O2  conftest.c >&5
configure:7553: $? = 0
configure:7553: result: yes
configure:7553: checking for unistd.h
configure:7553: gcc -c -g -O2  conftest.c >&5
configure:7553: $? = 0
configure:7553: result: yes
configure:7567: checking for dlfcn.h
configure:7567: gcc -c -g -O2  conftest.c >&5
configure:7567: $? = 0
configure:7567: result: yes
configure:7692: checking for C++ compiler version
configure:7701: g++ --version >&5
g++ (Ubuntu 10.5.0-1ubuntu1~20.04) 10.5.0
Copyright (C) 2020 Free Software Foundation, Inc.
This is free software; see the source for copying conditions.  There is NO
warranty; not even for MERCHANTABILITY or FITNESS FOR A PARTICULAR PURPOSE.

configure:7712: $? = 0
configure:7701: g++ -v >&5
Using built-in specs.
COLLECT_GCC=g++
COLLECT_LTO_WRAPPER=/usr/lib/gcc/x86_64-linux-gnu/10/lto-wrapper
OFFLOAD_TARGET_NAMES=nvptx-none:amdgcn-amdhsa:hsa
OFFLOAD_TARGET_DEFAULT=1
Target: x86_64-linux-gnu
Configured with: ../src/configure -v --with-pkgversion='Ubuntu 10.5.0-1ubuntu1~20.04' --with-bugurl=file:///usr/share/doc/gcc-10/README.Bugs --enable-languages=c,ada,c++,go,brig,d,fortran,objc,obj-c++,m2 --prefix=/usr --with-gcc-major-version-only --program-suffix=-10 --program-prefix=x86_64-linux-gnu- --enable-shared --enable-linker-build-id --libexecdir=/usr/lib --without-included-gettext --enable-threads=posix --libdir=/usr/lib --enable-nls --enable-bootstrap --enable-clocale=gnu --enable-libstdcxx-debug --enable-libstdcxx-time=yes --with-default-libstdcxx-abi=new --enable-gnu-unique-object --disable-vtable-verify --enable-plugin --enable-default-pie --with-system-zlib --enable-libphobos-checking=release --with-target-system-zlib=auto --enable-objc-gc=auto --enable-multiarch --disable-werror --with-arch-32=i686 --with-abi=m64 --with-multilib-list=m32,m64,mx32 --enable-multilib --with-tune=generic --enable-offload-targets=nvptx-none=/build/gcc-10-g5VkgL/gcc-10-10.5.0/debian/tmp-nvptx/usr,amdgcn-amdhsa=/build/gcc-10-g5VkgL/gcc-10-10.5.0/debian/tmp-gcn/usr,hsa --without-cuda-driver --enable-checking=release --build=x86_64-linux-gnu --host=x86_64-linux-gnu --target=x86_64-linux-gnu --with-build-config=bootstrap-lto-lean --enable-link-mutex
Thread model: posix
Supported LTO compression algorithms: zlib zstd
gcc version 10.5.0 (Ubuntu 10.5.0-1ubuntu1~20.04) 
... rest of stderr output deleted ...
configure:7712: $? = 0
configure:7701: g++ -V >&5
g++: error: unrecognized command-line option '-V'
g++: fatal error: no input files
compilation terminated.
configure:7712: $? = 1
configure:7701: g++ -qversion >&5
g++: error: unrecognized command-line option '-qversion'; did you mean '--version'?
g++: fatal error: no input files
compilation terminated.
configure:7712: $? = 1
configure:7716: checking whether we are using the GNU C++ compiler
configure:7744: result: yes
configure:7753: checking whether g++ accepts -g
configure:7814: result: yes
configure:7839: checking dependency style of g++
configure:7950: result: gcc3
configure:7973: checking how to run the C++ preprocessor
configure:8000: g++ -E  conftest.cpp
configure:8000: $? = 0
configure:8014: g++ -E  conftest.cpp
conftest.cpp:22:10: fatal error: ac_nonexistent.h: No such file or directory
   22 | #include <ac_nonexistent.h>
      |          ^~~~~~~~~~~~~~~~~~
compilation terminated.
configure:8014: $? = 1
configure: failed program was:
| /* confdefs.h */
| #define PACKAGE_NAME "ctemplate"
| #define PACKAGE_TARNAME "ctemplate"
| #define PACKAGE_VERSION "2.3"
| #define PACKAGE_STRING "ctemplate 2.3"
| #define PACKAGE_BUGREPORT "google-ctemplate@googlegroups.com"
| #define PACKAGE_URL ""
| #define PACKAGE "ctemplate"
| #define VERSION "2.3"
| #define STDC_HEADERS 1
| #define HAVE_SYS_TYPES_H 1
| #define HAVE_SYS_STAT_H 1
| #define HAVE_STDLIB_H 1
| #define HAVE_STRING_H 1
| #define HAVE_MEMORY_H 1
| #define HAVE_STRINGS_H 1
| #define HAVE_INTTYPES_H 1
| #define HAVE_STDINT_H 1
| #define HAVE_UNISTD_H 1
| #define HAVE_DLFCN_H 1
| /* end confdefs.h.  */
| #include <ac_nonexistent.h>
configure:8039: result: g++ -E
configure:8059: g++ -E  conftest.cpp
configure:8059: $? = 0
configure:8073: g++ -E  conftest.cpp
conftest.cpp:22:10: fatal error: ac_nonexistent.h: No such file or directory
   22 | #include <ac_nonexistent.h>
      |          ^~~~~~~~~~~~~~~~~~
compilation terminated.
configure:8073: $? = 1
configure: failed program was:
| /* confdefs.h */
| #define PACKAGE_NAME "ctemplate"
| #define PACKAGE_TARNAME "ctemplate"
| #define PACKAGE_VERSION "2.3"
| #define PACKAGE_STRING "ctemplate 2.3"
| #define PACKAGE_BUGREPORT "google-ctemplate@googlegroups.com"
| #define PACKAGE_URL ""
| #define PACKAGE "ctemplate"
| #define VERSION "2.3"
| #define STDC_HEADERS 1
| #define HAVE_SYS_TYPES_H 1
| #define HAVE_SYS_STAT_H 1
| #define HAVE_STDLIB_H 1
| #define HAVE_STRING_H 1
| #define HAVE_MEMORY_H 1
| #define HAVE_STRINGS_H 1
| #define HAVE_INTTYPES_H 1
| #define HAVE_STDINT_H 1
| #define HAVE_UNISTD_H 1
| #define HAVE_DLFCN_H 1
| /* end confdefs.h.  */
| #include <ac_nonexistent.h>
configure:8250: checking for objdir
configure:8265: result: .libs
configure:8561: checking if gcc supports -fno-rtti -fno-exceptions
configure:8619: gcc -c -g -O2  -fno-rtti -fno-exceptions conftest.c >&5
cc1: warning: command-line option '-fno-rtti' is valid for C++/D/ObjC++ but not for C
configure:8623: $? = 0
configure:8596: result: no
configure:8616: checking for gcc option to produce PIC
configure:8888: result: -fPIC -DPIC
configure:8900: checking if gcc PIC flag -fPIC -DPIC works
configure:8958: gcc -c -g -O2  -fPIC -DPIC -DPIC conftest.c >&5
configure:8962: $? = 0
configure:8935: result: yes
configure:8959: checking if gcc static flag -static works
configure:8987: result: yes
configure:9002: checking if gcc supports -c -o file.o
configure:9063: gcc -c -g -O2  -o out/conftest2.o conftest.c >&5
configure:9067: $? = 0
configure:9049: result: yes
configure:9057: checking if gcc supports -c -o file.o
configure:9104: result: yes
configure:9137: checking whether the gcc linker (/usr/bin/ld -m elf_x86_64) supports shared libraries
configure:10128: result: yes
configure:10165: checking whether -lc should be explicitly linked in
configure:10170: gcc -c -g -O2  conftest.c >&5
configure:10173: $? = 0
configure:10188: gcc -shared conftest.o  -v -Wl,-soname -Wl,conftest -o conftest 2\>\&1 \| /bin/grep  -lc  \>/dev/null 2\>\&1
configure:10191: $? = 0
configure:10203: result: no
configure:10367: checking dynamic linker characteristics
configure:10800: gcc -o conftest -g -O2   -Wl,-rpath -Wl,/foo conftest.c  >&5
configure:10800: $? = 0
configure:11030: result: GNU/Linux ld.so
configure:11132: checking how to hardcode library paths into programs
configure:11157: result: immediate
configure:11677: checking whether stripping libraries is possible
configure:11682: result: yes
configure:11717: checking if libtool supports shared libraries
configure:11719: result: yes
configure:11722: checking whether to build shared libraries
configure:11743: result: yes
configure:11746: checking whether to build static libraries
configure:11750: result: yes
configure:9168: checking for ld used by g++
configure:9235: result: /usr/bin/ld -m elf_x86_64
configure:9242: checking if the linker (/usr/bin/ld -m elf_x86_64) is GNU ld
configure:9257: result: yes
configure:9312: checking whether the g++ linker (/usr/bin/ld -m elf_x86_64) supports shared libraries
configure:10225: result: yes
configure:10253: g++ -c -g -O2  conftest.cpp >&5
configure:10256: $? = 0
configure:10438: checking for g++ option to produce PIC
configure:10755: result: -fPIC -DPIC
configure:10764: checking if g++ PIC flag -fPIC -DPIC works
configure:13554: g++ -c -g -O2  -fPIC -DPIC -DPIC conftest.cpp >&5
configure:13558: $? = 0
configure:10799: result: yes
configure:10820: checking if g++ static flag -static works
configure:10848: result: yes
configure:10860: checking if g++ supports -c -o file.o
configure:13653: g++ -c -g -O2  -o out/conftest2.o conftest.cpp >&5
configure:13657: $? = 0
configure:10907: result: yes
configure:10912: checking if g++ supports -c -o file.o
configure:10959: result: yes
configure:10989: checking whether the g++ linker (/usr/bin/ld -m elf_x86_64) supports shared libraries
configure:11018: result: yes
configure:11155: checking dynamic linker characteristics
configure:11536: g++ -o conftest -g -O2   -Wl,-rpath -Wl,/foo conftest.cpp  >&5
configure:11536: $? = 0
configure:11766: result: GNU/Linux ld.so
configure:11817: checking how to hardcode library paths into programs
configure:11842: result: immediate
configure:10913: checking whether ln -s works
configure:10917: result: yes
configure:10926: checking for __attribute__
configure:10945: gcc -c -g -O2  conftest.c >&5
configure:10945: $? = 0
configure:10959: result: yes
configure:10964: checking for ANSI C header files
configure:11068: result: yes
configure:11078: checking printf format code for printing a size_t and ssize_t
configure:11094: gcc -c -g -O2  conftest.c >&5
conftest.c: In function 'main':
conftest.c:29:49: error: invalid operands to binary - (have 'unsigned int *' and 'size_t *' {aka 'long unsigned int *'})
   29 | unsigned int v1 = 0; size_t v2 = 0; return (&v1 - &v2)
      |                                             ~~~ ^ ~~~
      |                                             |     |
      |                                             |     size_t * {aka long unsigned int *}
      |                                             unsigned int *
configure:11094: $? = 1
configure: failed program was:
| /* confdefs.h */
| #define PACKAGE_NAME "ctemplate"
| #define PACKAGE_TARNAME "ctemplate"
| #define PACKAGE_VERSION "2.3"
| #define PACKAGE_STRING "ctemplate 2.3"
| #define PACKAGE_BUGREPORT "google-ctemplate@googlegroups.com"
| #define PACKAGE_URL ""
| #define PACKAGE "ctemplate"
| #define VERSION "2.3"
| #define STDC_HEADERS 1
| #define HAVE_SYS_TYPES_H 1
| #define HAVE_SYS_STAT_H 1
| #define HAVE_STDLIB_H 1
| #define HAVE_STRING_H 1
| #define HAVE_MEMORY_H 1
| #define HAVE_STRINGS_H 1
| #define HAVE_INTTYPES_H 1
| #define HAVE_STDINT_H 1
| #define HAVE_UNISTD_H 1
| #define HAVE_DLFCN_H 1
| #define LT_OBJDIR ".libs/"
| #define HAVE___ATTRIBUTE__ 1
| #define STDC_HEADERS 1
| /* end confdefs.h.  */
| #include <stddef.h>
| int
| main ()
| {
| unsigned int v1 = 0; size_t v2 = 0; return (&v1 - &v2)
|   ;
|   return 0;
| }
configure:11109: gcc -c -g -O2  conftest.c >&5
configure:11109: $? = 0
configure:11124: gcc -c -g -O2  conftest.c >&5
conftest.c: In function 'main':
conftest.c:29:55: error: invalid operands to binary - (have 'long long unsigned int *' and 'size_t *' {aka 'long unsigned int *'})
   29 | unsigned long long v1 = 0; size_t v2 = 0; return (&v1 - &v2)
      |                                                   ~~~ ^ ~~~
      |                                                   |     |
      |                                                   |     size_t * {aka long unsigned int *}
      |                                                   long long unsigned int *
configure:11124: $? = 1
configure: failed program was:
| /* confdefs.h */
| #define PACKAGE_NAME "ctemplate"
| #define PACKAGE_TARNAME "ctemplate"
| #define PACKAGE_VERSION "2.3"
| #define PACKAGE_STRING "ctemplate 2.3"
| #define PACKAGE_BUGREPORT "google-ctemplate@googlegroups.com"
| #define PACKAGE_URL ""
| #define PACKAGE "ctemplate"
| #define VERSION "2.3"
| #define STDC_HEADERS 1
| #define HAVE_SYS_TYPES_H 1
| #define HAVE_SYS_STAT_H 1
| #define HAVE_STDLIB_H 1
| #define HAVE_STRING_H 1
| #define HAVE_MEMORY_H 1
| #define HAVE_STRINGS_H 1
| #define HAVE_INTTYPES_H 1
| #define HAVE_STDINT_H 1
| #define HAVE_UNISTD_H 1
| #define HAVE_DLFCN_H 1
| #define LT_OBJDIR ".libs/"
| #define HAVE___ATTRIBUTE__ 1
| #define STDC_HEADERS 1
| /* end confdefs.h.  */
| #include <stddef.h>
| int
| main ()
| {
| unsigned long long v1 = 0; size_t v2 = 0; return (&v1 - &v2)
|   ;
|   return 0;
| }
configure:11130: result: l
configure:11156: checking for getopt_long
configure:11156: gcc -o conftest -g -O2   conftest.c  >&5
configure:11156: $? = 0
configure:11156: result: yes
configure:11156: checking for getopt
configure:11156: gcc -o conftest -g -O2   conftest.c  >&5
configure:11156: $? = 0
configure:11156: result: yes
configure:11167: checking getopt.h usability
configure:11167: gcc -c -g -O2  conftest.c >&5
configure:11167: $? = 0
configure:11167: result: yes
configure:11167: checking getopt.h presence
configure:11167: gcc -E  conftest.c
configure:11167: $? = 0
configure:11167: result: yes
configure:11167: checking for getopt.h
configure:11167: result: yes
configure:11179: checking utime.h usability
configure:11179: gcc -c -g -O2  conftest.c >&5
configure:11179: $? = 0
configure:11179: result: yes
configure:11179: checking utime.h presence
configure:11179: gcc -E  conftest.c
configure:11179: $? = 0
configure:11179: result: yes
configure:11179: checking for utime.h
configure:11179: result: yes
configure:11192: checking for uint32_t
configure:11192: gcc -c -g -O2  conftest.c >&5
configure:11192: $? = 0
configure:11192: gcc -c -g -O2  conftest.c >&5
conftest.c: In function 'main':
conftest.c:68:23: error: expected expression before ')' token
   68 | if (sizeof ((uint32_t)))
      |                       ^
configure:11192: $? = 1
configure: failed program was:
| /* confdefs.h */
| #define PACKAGE_NAME "ctemplate"
| #define PACKAGE_TARNAME "ctemplate"
| #define PACKAGE_VERSION "2.3"
| #define PACKAGE_STRING "ctemplate 2.3"
| #define PACKAGE_BUGREPORT "google-ctemplate@googlegroups.com"
| #define PACKAGE_URL ""
| #define PACKAGE "ctemplate"
| #define VERSION "2.3"
| #define STDC_HEADERS 1
| #define HAVE_SYS_TYPES_H 1
| #define HAVE_SYS_STAT_H 1
| #define HAVE_STDLIB_H 1
| #define HAVE_STRING_H 1
| #define HAVE_MEMORY_H 1
| #define HAVE_STRINGS_H 1
| #define HAVE_INTTYPES_H 1
| #define HAVE_STDINT_H 1
| #define HAVE_UNISTD_H 1
| #define HAVE_DLFCN_H 1
| #define LT_OBJDIR ".libs/"
| #define HAVE___ATTRIBUTE__ 1
| #define STDC_HEADERS 1
| #define PRIuS "lu"
| #define PRIxS "lx"
| #define PRIdS "ld"
| #define HAVE_GETOPT_LONG 1
| #define HAVE_GETOPT 1
| #define HAVE_GETOPT_H 1
| #define HAVE_UTIME_H 1
| /* end confdefs.h.  */
| #include <stdio.h>
| #ifdef HAVE_SYS_TYPES_H
| # include <sys/types.h>
| #endif
| #ifdef HAVE_SYS_STAT_H
| # include <sys/stat.h>
| #endif
| #ifdef STDC_HEADERS
| # include <stdlib.h>
| # include <stddef.h>
| #else
| # ifdef HAVE_STDLIB_H
| #  include <stdlib.h>
| # endif
| #endif
| #ifdef HAVE_STRING_H
| # if !defined STDC_HEADERS && defined HAVE_MEMORY_H
| #  include <memory.h>
| # endif
| # include <string.h>
| #endif
| #ifdef HAVE_STRINGS_H
| # include <strings.h>
| #endif
| #ifdef HAVE_INTTYPES_H
| # include <inttypes.h>
| #endif
| #ifdef HAVE_STDINT_H
| # include <stdint.h>
| #endif
| #ifdef HAVE_UNISTD_H
| # include <unistd.h>
| #endif
| int
| main ()
| {
| if (sizeof ((uint32_t)))
| 	    return 0;
|   ;
|   return 0;
| }
configure:11192: result: yes
configure:11202: checking for u_int32_t
configure:11202: gcc -c -g -O2  conftest.c >&5
configure:11202: $? = 0
configure:11202: gcc -c -g -O2  conftest.c >&5
conftest.c: In function 'main':
conftest.c:69:24: error: expected expression before ')' token
   69 | if (sizeof ((u_int32_t)))
      |                        ^
configure:11202: $? = 1
configure: failed program was:
| /* confdefs.h */
| #define PACKAGE_NAME "ctemplate"
| #define PACKAGE_TARNAME "ctemplate"
| #define PACKAGE_VERSION "2.3"
| #define PACKAGE_STRING "ctemplate 2.3"
| #define PACKAGE_BUGREPORT "google-ctemplate@googlegroups.com"
| #define PACKAGE_URL ""
| #define PACKAGE "ctemplate"
| #define VERSION "2.3"
| #define STDC_HEADERS 1
| #define HAVE_SYS_TYPES_H 1
| #define HAVE_SYS_STAT_H 1
| #define HAVE_STDLIB_H 1
| #define HAVE_STRING_H 1
| #define HAVE_MEMORY_H 1
| #define HAVE_STRINGS_H 1
| #define HAVE_INTTYPES_H 1
| #define HAVE_STDINT_H 1
| #define HAVE_UNISTD_H 1
| #define HAVE_DLFCN_H 1
| #define LT_OBJDIR ".libs/"
| #define HAVE___ATTRIBUTE__ 1
| #define STDC_HEADERS 1
| #define PRIuS "lu"
| #define PRIxS "lx"
| #define PRIdS "ld"
| #define HAVE_GETOPT_LONG 1
| #define HAVE_GETOPT 1
| #define HAVE_GETOPT_H 1
| #define HAVE_UTIME_H 1
| #define HAVE_UINT32_T 1
| /* end confdefs.h.  */
| #include <stdio.h>
| #ifdef HAVE_SYS_TYPES_H
| # include <sys/types.h>
| #endif
| #ifdef HAVE_SYS_STAT_H
| # include <sys/stat.h>
| #endif
| #ifdef STDC_HEADERS
| # include <stdlib.h>
| # include <stddef.h>
| #else
| # ifdef HAVE_STDLIB_H
| #  include <stdlib.h>
| # endif
| #endif
| #ifdef HAVE_STRING_H
| # if !defined STDC_HEADERS && defined HAVE_MEMORY_H
| #  include <memory.h>
| # endif
| # include <string.h>
| #endif
| #ifdef HAVE_STRINGS_H
| # include <strings.h>
| #endif
| #ifdef HAVE_INTTYPES_H
| # include <inttypes.h>
| #endif
| #ifdef HAVE_STDINT_H
| # include <stdint.h>
| #endif
| #ifdef HAVE_UNISTD_H
| # include <unistd.h>
| #endif
| int
| main ()
| {
| if (sizeof ((u_int32_t)))
| 	    return 0;
|   ;
|   return 0;
| }
configure:11202: result: yes
configure:11212: checking for __int32
configure:11212: gcc -c -g -O2  conftest.c >&5
conftest.c: In function 'main':
conftest.c:70:13: error: '__int32' undeclared (first use in this function); did you mean '__int32_t'?
   70 | if (sizeof (__int32))
      |             ^~~~~~~
      |             __int32_t
conftest.c:70:13: note: each undeclared identifier is reported only once for each function it appears in
configure:11212: $? = 1
configure: failed program was:
| /* confdefs.h */
| #define PACKAGE_NAME "ctemplate"
| #define PACKAGE_TARNAME "ctemplate"
| #define PACKAGE_VERSION "2.3"
| #define PACKAGE_STRING "ctemplate 2.3"
| #define PACKAGE_BUGREPORT "google-ctemplate@googlegroups.com"
| #define PACKAGE_URL ""
| #define PACKAGE "ctemplate"
| #define VERSION "2.3"
| #define STDC_HEADERS 1
| #define HAVE_SYS_TYPES_H 1
| #define HAVE_SYS_STAT_H 1
| #define HAVE_STDLIB_H 1
| #define HAVE_STRING_H 1
| #define HAVE_MEMORY_H 1
| #define HAVE_STRINGS_H 1
| #define HAVE_INTTYPES_H 1
| #define HAVE_STDINT_H 1
| #define HAVE_UNISTD_H 1
| #define HAVE_DLFCN_H 1
| #define LT_OBJDIR ".libs/"
| #define HAVE___ATTRIBUTE__ 1
| #define STDC_HEADERS 1
| #define PRIuS "lu"
| #define PRIxS "lx"
| #define PRIdS "ld"
| #define HAVE_GETOPT_LONG 1
| #define HAVE_GETOPT 1
| #define HAVE_GETOPT_H 1
| #define HAVE_UTIME_H 1
| #define HAVE_UINT32_T 1
| #define HAVE_U_INT32_T 1
| /* end confdefs.h.  */
| #include <stdio.h>
| #ifdef HAVE_SYS_TYPES_H
| # include <sys/types.h>
| #endif
| #ifdef HAVE_SYS_STAT_H
| # include <sys/stat.h>
| #endif
| #ifdef STDC_HEADERS
| # include <stdlib.h>
| # include <stddef.h>
| #else
| # ifdef HAVE_STDLIB_H
| #  include <stdlib.h>
| # endif
| #endif
| #ifdef HAVE_STRING_H
| # if !defined STDC_HEADERS && defined HAVE_MEMORY_H
| #  include <memory.h>
| # endif
| # include <string.h>
| #endif
| #ifdef HAVE_STRINGS_H
| # include <strings.h>
| #endif
| #ifdef HAVE_INTTYPES_H
| # include <inttypes.h>
| #endif
| #ifdef HAVE_STDINT_H
| # include <stdint.h>
| #endif
| #ifdef HAVE_UNISTD_H
| # include <unistd.h>
| #endif
| int
| main ()
| {
| if (sizeof (__int32))
| 	 return 0;
|   ;
|   return 0;
| }
configure:11212: result: no
configure:11222: checking for uint64_t
configure:11222: gcc -c -g -O2  conftest.c >&5
configure:11222: $? = 0
configure:11222: gcc -c -g -O2  conftest.c >&5
conftest.c: In function 'main':
conftest.c:70:23: error: expected expression before ')' token
   70 | if (sizeof ((uint64_t)))
      |                       ^
configure:11222: $? = 1
configure: failed program was:
| /* confdefs.h */
| #define PACKAGE_NAME "ctemplate"
| #define PACKAGE_TARNAME "ctemplate"
| #define PACKAGE_VERSION "2.3"
| #define PACKAGE_STRING "ctemplate 2.3"
| #define PACKAGE_BUGREPORT "google-ctemplate@googlegroups.com"
| #define PACKAGE_URL ""
| #define PACKAGE "ctemplate"
| #define VERSION "2.3"
| #define STDC_HEADERS 1
| #define HAVE_SYS_TYPES_H 1
| #define HAVE_SYS_STAT_H 1
| #define HAVE_STDLIB_H 1
| #define HAVE_STRING_H 1
| #define HAVE_MEMORY_H 1
| #define HAVE_STRINGS_H 1
| #define HAVE_INTTYPES_H 1
| #define HAVE_STDINT_H 1
| #define HAVE_UNISTD_H 1
| #define HAVE_DLFCN_H 1
| #define LT_OBJDIR ".libs/"
| #define HAVE___ATTRIBUTE__ 1
| #define STDC_HEADERS 1
| #define PRIuS "lu"
| #define PRIxS "lx"
| #define PRIdS "ld"
| #define HAVE_GETOPT_LONG 1
| #define HAVE_GETOPT 1
| #define HAVE_GETOPT_H 1
| #define HAVE_UTIME_H 1
| #define HAVE_UINT32_T 1
| #define HAVE_U_INT32_T 1
| /* end confdefs.h.  */
| #include <stdio.h>
| #ifdef HAVE_SYS_TYPES_H
| # include <sys/types.h>
| #endif
| #ifdef HAVE_SYS_STAT_H
| # include <sys/stat.h>
| #endif
| #ifdef STDC_HEADERS
| # include <stdlib.h>
| # include <stddef.h>
| #else
| # ifdef HAVE_STDLIB_H
| #  include <stdlib.h>
| # endif
| #endif
| #ifdef HAVE_STRING_H
| # if !defined STDC_HEADERS && defined HAVE_MEMORY_H
| #  include <memory.h>
| # endif
| # include <string.h>
| #endif
| #ifdef HAVE_STRINGS_H
| # include <strings.h>
| #endif
| #ifdef HAVE_INTTYPES_H
| # include <inttypes.h>
| #endif
| #ifdef HAVE_STDINT_H
| # include <stdint.h>
| #endif
| #ifdef HAVE_UNISTD_H
| # include <unistd.h>
| #endif
| int
| main ()
| {
| if (sizeof ((uint64_t)))
| 	    return 0;
|   ;
|   return 0;
| }
configure:11222: result: yes
configure:11232: checking for u_int64_t
configure:11232: gcc -c -g -O2  conftest.c >&5
configure:11232: $? = 0
configure:11232: gcc -c -g -O2  conftest.c >&5
conftest.c: In function 'main':
conftest.c:71:24: error: expected expression before ')' token
   71 | if (sizeof ((u_int64_t)))
      |                        ^
configure:11232: $? = 1
configure: failed program was:
| /* confdefs.h */
| #define PACKAGE_NAME "ctemplate"
| #define PACKAGE_TARNAME "ctemplate"
| #define PACKAGE_VERSION "2.3"
| #define PACKAGE_STRING "ctemplate 2.3"
| #define PACKAGE_BUGREPORT "google-ctemplate@googlegroups.com"
| #define PACKAGE_URL ""
| #define PACKAGE "ctemplate"
| #define VERSION "2.3"
| #define STDC_HEADERS 1
| #define HAVE_SYS_TYPES_H 1
| #define HAVE_SYS_STAT_H 1
| #define HAVE_STDLIB_H 1
| #define HAVE_STRING_H 1
| #define HAVE_MEMORY_H 1
| #define HAVE_STRINGS_H 1
| #define HAVE_INTTYPES_H 1
| #define HAVE_STDINT_H 1
| #define HAVE_UNISTD_H 1
| #define HAVE_DLFCN_H 1
| #define LT_OBJDIR ".libs/"
| #define HAVE___ATTRIBUTE__ 1
| #define STDC_HEADERS 1
| #define PRIuS "lu"
| #define PRIxS "lx"
| #define PRIdS "ld"
| #define HAVE_GETOPT_LONG 1
| #define HAVE_GETOPT 1
| #define HAVE_GETOPT_H 1
| #define HAVE_UTIME_H 1
| #define HAVE_UINT32_T 1
| #define HAVE_U_INT32_T 1
| #define HAVE_UINT64_T 1
| /* end confdefs.h.  */
| #include <stdio.h>
| #ifdef HAVE_SYS_TYPES_H
| # include <sys/types.h>
| #endif
| #ifdef HAVE_SYS_STAT_H
| # include <sys/stat.h>
| #endif
| #ifdef STDC_HEADERS
| # include <stdlib.h>
| # include <stddef.h>
| #else
| # ifdef HAVE_STDLIB_H
| #  include <stdlib.h>
| # endif
| #endif
| #ifdef HAVE_STRING_H
| # if !defined STDC_HEADERS && defined HAVE_MEMORY_H
| #  include <memory.h>
| # endif
| # include <string.h>
| #endif
| #ifdef HAVE_STRINGS_H
| # include <strings.h>
| #endif
| #ifdef HAVE_INTTYPES_H
| # include <inttypes.h>
| #endif
| #ifdef HAVE_STDINT_H
| # include <stdint.h>
| #endif
| #ifdef HAVE_UNISTD_H
| # include <unistd.h>
| #endif
| int
| main ()
| {
| if (sizeof ((u_int64_t)))
| 	    return 0;
|   ;
|   return 0;
| }
configure:11232: result: yes
configure:11242: checking for __int64
configure:11242: gcc -c -g -O2  conftest.c >&5
conftest.c: In function 'main':
conftest.c:72:13: error: '__int64' undeclared (first use in this function); did you mean '__int64_t'?
   72 | if (sizeof (__int64))
      |             ^~~~~~~
      |             __int64_t
conftest.c:72:13: note: each undeclared identifier is reported only once for each function it appears in
configure:11242: $? = 1
configure: failed program was:
| /* confdefs.h */
| #define PACKAGE_NAME "ctemplate"
| #define PACKAGE_TARNAME "ctemplate"
| #define PACKAGE_VERSION "2.3"
| #define PACKAGE_STRING "ctemplate 2.3"
| #define PACKAGE_BUGREPORT "google-ctemplate@googlegroups.com"
| #define PACKAGE_URL ""
| #define PACKAGE "ctemplate"
| #define VERSION "2.3"
| #define STDC_HEADERS 1
| #define HAVE_SYS_TYPES_H 1
| #define HAVE_SYS_STAT_H 1
| #define HAVE_STDLIB_H 1
| #define HAVE_STRING_H 1
| #define HAVE_MEMORY_H 1
| #define HAVE_STRINGS_H 1
| #define HAVE_INTTYPES_H 1
| #define HAVE_STDINT_H 1
| #define HAVE_UNISTD_H 1
| #define HAVE_DLFCN_H 1
| #define LT_OBJDIR ".libs/"
| #define HAVE___ATTRIBUTE__ 1
| #define STDC_HEADERS 1
| #define PRIuS "lu"
| #define PRIxS "lx"
| #define PRIdS "ld"
| #define HAVE_GETOPT_LONG 1
| #define HAVE_GETOPT 1
| #define HAVE_GETOPT_H 1
| #define HAVE_UTIME_H 1
| #define HAVE_UINT32_T 1
| #define HAVE_U_INT32_T 1
| #define HAVE_UINT64_T 1
| #define HAVE_U_INT64_T 1
| /* end confdefs.h.  */
| #include <stdio.h>
| #ifdef HAVE_SYS_TYPES_H
| # include <sys/types.h>
| #endif
| #ifdef HAVE_SYS_STAT_H
| # include <sys/stat.h>
| #endif
| #ifdef STDC_HEADERS
| # include <stdlib.h>
| # include <stddef.h>
| #else
| # ifdef HAVE_STDLIB_H
| #  include <stdlib.h>
| # endif
| #endif
| #ifdef HAVE_STRING_H
| # if !defined STDC_HEADERS && defined HAVE_MEMORY_H
| #  include <memory.h>
| # endif
| # include <string.h>
| #endif
| #ifdef HAVE_STRINGS_H
| # include <strings.h>
| #endif
| #ifdef HAVE_INTTYPES_H
| # include <inttypes.h>
| #endif
| #ifdef HAVE_STDINT_H
| # include <stdint.h>
| #endif
| #ifdef HAVE_UNISTD_H
| # include <unistd.h>
| #endif
| int
| main ()
| {
| if (sizeof (__int64))
| 	 return 0;
|   ;
|   return 0;
| }
configure:11242: result: no
configure:11256: checking for dirent.h that defines DIR
configure:11275: gcc -c -g -O2  conftest.c >&5
configure:11275: $? = 0
configure:11283: result: yes
configure:11296: checking for library containing opendir
configure:11327: gcc -o conftest -g -O2   conftest.c  >&5
configure:11327: $? = 0
configure:11344: result: none required
configure:11416: checking byteswap.h usability
configure:11416: gcc -c -g -O2  conftest.c >&5
configure:11416: $? = 0
configure:11416: result: yes
configure:11416: checking byteswap.h presence
configure:11416: gcc -E  conftest.c
configure:11416: $? = 0
configure:11416: result: yes
configure:11416: checking for byteswap.h
configure:11416: result: yes
configure:11428: checking libkern/OSByteOrder.h usability
configure:11428: gcc -c -g -O2  conftest.c >&5
conftest.c:71:10: fatal error: libkern/OSByteOrder.h: No such file or directory
   71 | #include <libkern/OSByteOrder.h>
      |          ^~~~~~~~~~~~~~~~~~~~~~~
compilation terminated.
configure:11428: $? = 1
configure: failed program was:
| /* confdefs.h */
| #define PACKAGE_NAME "ctemplate"
| #define PACKAGE_TARNAME "ctemplate"
| #define PACKAGE_VERSION "2.3"
| #define PACKAGE_STRING "ctemplate 2.3"
| #define PACKAGE_BUGREPORT "google-ctemplate@googlegroups.com"
| #define PACKAGE_URL ""
| #define PACKAGE "ctemplate"
| #define VERSION "2.3"
| #define STDC_HEADERS 1
| #define HAVE_SYS_TYPES_H 1
| #define HAVE_SYS_STAT_H 1
| #define HAVE_STDLIB_H 1
| #define HAVE_STRING_H 1
| #define HAVE_MEMORY_H 1
| #define HAVE_STRINGS_H 1
| #define HAVE_INTTYPES_H 1
| #define HAVE_STDINT_H 1
| #define HAVE_UNISTD_H 1
| #define HAVE_DLFCN_H 1
| #define LT_OBJDIR ".libs/"
| #define HAVE___ATTRIBUTE__ 1
| #define STDC_HEADERS 1
| #define PRIuS "lu"
| #define PRIxS "lx"
| #define PRIdS "ld"
| #define HAVE_GETOPT_LONG 1
| #define HAVE_GETOPT 1
| #define HAVE_GETOPT_H 1
| #define HAVE_UTIME_H 1
| #define HAVE_UINT32_T 1
| #define HAVE_U_INT32_T 1
| #define HAVE_UINT64_T 1
| #define HAVE_U_INT64_T 1
| #define HAVE_DIRENT_H 1
| #define HAVE_BYTESWAP_H 1
| /* end confdefs.h.  */
| #include <stdio.h>
| #ifdef HAVE_SYS_TYPES_H
| # include <sys/types.h>
| #endif
| #ifdef HAVE_SYS_STAT_H
| # include <sys/stat.h>
| #endif
| #ifdef STDC_HEADERS
| # include <stdlib.h>
| # include <stddef.h>
| #else
| # ifdef HAVE_STDLIB_H
| #  include <stdlib.h>
| # endif
| #endif
| #ifdef HAVE_STRING_H
| # if !defined STDC_HEADERS && defined HAVE_MEMORY_H
| #  include <memory.h>
| # endif
| # include <string.h>
| #endif
| #ifdef HAVE_STRINGS_H
| # include <strings.h>
| #endif
| #ifdef HAVE_INTTYPES_H
| # include <inttypes.h>
| #endif
| #ifdef HAVE_STDINT_H
| # include <stdint.h>
| #endif
| #ifdef HAVE_UNISTD_H
| # include <unistd.h>
| #endif
| #include <libkern/OSByteOrder.h>
configure:11428: result: no
configure:11428: checking libkern/OSByteOrder.h presence
configure:11428: gcc -E  conftest.c
conftest.c:38:10: fatal error: libkern/OSByteOrder.h: No such file or directory
   38 | #include <libkern/OSByteOrder.h>
      |          ^~~~~~~~~~~~~~~~~~~~~~~
compilation terminated.
configure:11428: $? = 1
configure: failed program was:
| /* confdefs.h */
| #define PACKAGE_NAME "ctemplate"
| #define PACKAGE_TARNAME "ctemplate"
| #define PACKAGE_VERSION "2.3"
| #define PACKAGE_STRING "ctemplate 2.3"
| #define PACKAGE_BUGREPORT "google-ctemplate@googlegroups.com"
| #define PACKAGE_URL ""
| #define PACKAGE "ctemplate"
| #define VERSION "2.3"
| #define STDC_HEADERS 1
| #define HAVE_SYS_TYPES_H 1
| #define HAVE_SYS_STAT_H 1
| #define HAVE_STDLIB_H 1
| #define HAVE_STRING_H 1
| #define HAVE_MEMORY_H 1
| #define HAVE_STRINGS_H 1
| #define HAVE_INTTYPES_H 1
| #define HAVE_STDINT_H 1
| #define HAVE_UNISTD_H 1
| #define HAVE_DLFCN_H 1
| #define LT_OBJDIR ".libs/"
| #define HAVE___ATTRIBUTE__ 1
| #define STDC_HEADERS 1
| #define PRIuS "lu"
| #define PRIxS "lx"
| #define PRIdS "ld"
| #define HAVE_GETOPT_LONG 1
| #define HAVE_GETOPT 1
| #define HAVE_GETOPT_H 1
| #define HAVE_UTIME_H 1
| #define HAVE_UINT32_T 1
| #define HAVE_U_INT32_T 1
| #define HAVE_UINT64_T 1
| #define HAVE_U_INT64_T 1
| #define HAVE_DIRENT_H 1
| #define HAVE_BYTESWAP_H 1
| /* end confdefs.h.  */
| #include <libkern/OSByteOrder.h>
configure:11428: result: no
configure:11428: checking for libkern/OSByteOrder.h
configure:11428: result: no
configure:11440: checking sys/byteorder.h usability
configure:11440: gcc -c -g -O2  conftest.c >&5
conftest.c:71:10: fatal error: sys/byteorder.h: No such file or directory
   71 | #include <sys/byteorder.h>
      |          ^~~~~~~~~~~~~~~~~
compilation terminated.
configure:11440: $? = 1
configure: failed program was:
| /* confdefs.h */
| #define PACKAGE_NAME "ctemplate"
| #define PACKAGE_TARNAME "ctemplate"
| #define PACKAGE_VERSION "2.3"
| #define PACKAGE_STRING "ctemplate 2.3"
| #define PACKAGE_BUGREPORT "google-ctemplate@googlegroups.com"
| #define PACKAGE_URL ""
| #define PACKAGE "ctemplate"
| #define VERSION "2.3"
| #define STDC_HEADERS 1
| #define HAVE_SYS_TYPES_H 1
| #define HAVE_SYS_STAT_H 1
| #define HAVE_STDLIB_H 1
| #define HAVE_STRING_H 1
| #define HAVE_MEMORY_H 1
| #define HAVE_STRINGS_H 1
| #define HAVE_INTTYPES_H 1
| #define HAVE_STDINT_H 1
| #define HAVE_UNISTD_H 1
| #define HAVE_DLFCN_H 1
| #define LT_OBJDIR ".libs/"
| #define HAVE___ATTRIBUTE__ 1
| #define STDC_HEADERS 1
| #define PRIuS "lu"
| #define PRIxS "lx"
| #define PRIdS "ld"
| #define HAVE_GETOPT_LONG 1
| #define HAVE_GETOPT 1
| #define HAVE_GETOPT_H 1
| #define HAVE_UTIME_H 1
| #define HAVE_UINT32_T 1
| #define HAVE_U_INT32_T 1
| #define HAVE_UINT64_T 1
| #define HAVE_U_INT64_T 1
| #define HAVE_DIRENT_H 1
| #define HAVE_BYTESWAP_H 1
| /* end confdefs.h.  */
| #include <stdio.h>
| #ifdef HAVE_SYS_TYPES_H
| # include <sys/types.h>
| #endif
| #ifdef HAVE_SYS_STAT_H
| # include <sys/stat.h>
| #endif
| #ifdef STDC_HEADERS
| # include <stdlib.h>
| # include <stddef.h>
| #else
| # ifdef HAVE_STDLIB_H
| #  include <stdlib.h>
| # endif
| #endif
| #ifdef HAVE_STRING_H
| # if !defined STDC_HEADERS && defined HAVE_MEMORY_H
| #  include <memory.h>
| # endif
| # include <string.h>
| #endif
| #ifdef HAVE_STRINGS_H
| # include <strings.h>
| #endif
| #ifdef HAVE_INTTYPES_H
| # include <inttypes.h>
| #endif
| #ifdef HAVE_STDINT_H
| # include <stdint.h>
| #endif
| #ifdef HAVE_UNISTD_H
| # include <unistd.h>
| #endif
| #include <sys/byteorder.h>
configure:11440: result: no
configure:11440: checking sys/byteorder.h presence
configure:11440: gcc -E  conftest.c
conftest.c:38:10: fatal error: sys/byteorder.h: No such file or directory
   38 | #include <sys/byteorder.h>
      |          ^~~~~~~~~~~~~~~~~
compilation terminated.
configure:11440: $? = 1
configure: failed program was:
| /* confdefs.h */
| #define PACKAGE_NAME "ctemplate"
| #define PACKAGE_TARNAME "ctemplate"
| #define PACKAGE_VERSION "2.3"
| #define PACKAGE_STRING "ctemplate 2.3"
| #define PACKAGE_BUGREPORT "google-ctemplate@googlegroups.com"
| #define PACKAGE_URL ""
| #define PACKAGE "ctemplate"
| #define VERSION "2.3"
| #define STDC_HEADERS 1
| #define HAVE_SYS_TYPES_H 1
| #define HAVE_SYS_STAT_H 1
| #define HAVE_STDLIB_H 1
| #define HAVE_STRING_H 1
| #define HAVE_MEMORY_H 1
| #define HAVE_STRINGS_H 1
| #define HAVE_INTTYPES_H 1
| #define HAVE_STDINT_H 1
| #define HAVE_UNISTD_H 1
| #define HAVE_DLFCN_H 1
| #define LT_OBJDIR ".libs/"
| #define HAVE___ATTRIBUTE__ 1
| #define STDC_HEADERS 1
| #define PRIuS "lu"
| #define PRIxS "lx"
| #define PRIdS "ld"
| #define HAVE_GETOPT_LONG 1
| #define HAVE_GETOPT 1
| #define HAVE_GETOPT_H 1
| #define HAVE_UTIME_H 1
| #define HAVE_UINT32_T 1
| #define HAVE_U_INT32_T 1
| #define HAVE_UINT64_T 1
| #define HAVE_U_INT64_T 1
| #define HAVE_DIRENT_H 1
| #define HAVE_BYTESWAP_H 1
| /* end confdefs.h.  */
| #include <sys/byteorder.h>
configure:11440: result: no
configure:11440: checking for sys/byteorder.h
configure:11440: result: no
configure:11452: checking endian.h usability
configure:11452: gcc -c -g -O2  conftest.c >&5
configure:11452: $? = 0
configure:11452: result: yes
configure:11452: checking endian.h presence
configure:11452: gcc -E  conftest.c
configure:11452: $? = 0
configure:11452: result: yes
configure:11452: checking for endian.h
configure:11452: result: yes
configure:11464: checking machine/endian.h usability
configure:11464: gcc -c -g -O2  conftest.c >&5
conftest.c:72:10: fatal error: machine/endian.h: No such file or directory
   72 | #include <machine/endian.h>
      |          ^~~~~~~~~~~~~~~~~~
compilation terminated.
configure:11464: $? = 1
configure: failed program was:
| /* confdefs.h */
| #define PACKAGE_NAME "ctemplate"
| #define PACKAGE_TARNAME "ctemplate"
| #define PACKAGE_VERSION "2.3"
| #define PACKAGE_STRING "ctemplate 2.3"
| #define PACKAGE_BUGREPORT "google-ctemplate@googlegroups.com"
| #define PACKAGE_URL ""
| #define PACKAGE "ctemplate"
| #define VERSION "2.3"
| #define STDC_HEADERS 1
| #define HAVE_SYS_TYPES_H 1
| #define HAVE_SYS_STAT_H 1
| #define HAVE_STDLIB_H 1
| #define HAVE_STRING_H 1
| #define HAVE_MEMORY_H 1
| #define HAVE_STRINGS_H 1
| #define HAVE_INTTYPES_H 1
| #define HAVE_STDINT_H 1
| #define HAVE_UNISTD_H 1
| #define HAVE_DLFCN_H 1
| #define LT_OBJDIR ".libs/"
| #define HAVE___ATTRIBUTE__ 1
| #define STDC_HEADERS 1
| #define PRIuS "lu"
| #define PRIxS "lx"
| #define PRIdS "ld"
| #define HAVE_GETOPT_LONG 1
| #define HAVE_GETOPT 1
| #define HAVE_GETOPT_H 1
| #define HAVE_UTIME_H 1
| #define HAVE_UINT32_T 1
| #define HAVE_U_INT32_T 1
| #define HAVE_UINT64_T 1
| #define HAVE_U_INT64_T 1
| #define HAVE_DIRENT_H 1
| #define HAVE_BYTESWAP_H 1
| #define HAVE_ENDIAN_H 1
| /* end confdefs.h.  */
| #include <stdio.h>
| #ifdef HAVE_SYS_TYPES_H
| # include <sys/types.h>
| #endif
| #ifdef HAVE_SYS_STAT_H
| # include <sys/stat.h>
| #endif
| #ifdef STDC_HEADERS
| # include <stdlib.h>
| # include <stddef.h>
| #else
| # ifdef HAVE_STDLIB_H
| #  include <stdlib.h>
| # endif
| #endif
| #ifdef HAVE_STRING_H
| # if !defined STDC_HEADERS && defined HAVE_MEMORY_H
| #  include <memory.h>
| # endif
| # include <string.h>
| #endif
| #ifdef HAVE_STRINGS_H
| # include <strings.h>
| #endif
| #ifdef HAVE_INTTYPES_H
| # include <inttypes.h>
| #endif
| #ifdef HAVE_STDINT_H
| # include <stdint.h>
| #endif
| #ifdef HAVE_UNISTD_H
| # include <unistd.h>
| #endif
| #include <machine/endian.h>
configure:11464: result: no
configure:11464: checking machine/endian.h presence
configure:11464: gcc -E  conftest.c
conftest.c:39:10: fatal error: machine/endian.h: No such file or directory
   39 | #include <machine/endian.h>
      |          ^~~~~~~~~~~~~~~~~~
compilation terminated.
configure:11464: $? = 1
configure: failed program was:
| /* confdefs.h */
| #define PACKAGE_NAME "ctemplate"
| #define PACKAGE_TARNAME "ctemplate"
| #define PACKAGE_VERSION "2.3"
| #define PACKAGE_STRING "ctemplate 2.3"
| #define PACKAGE_BUGREPORT "google-ctemplate@googlegroups.com"
| #define PACKAGE_URL ""
| #define PACKAGE "ctemplate"
| #define VERSION "2.3"
| #define STDC_HEADERS 1
| #define HAVE_SYS_TYPES_H 1
| #define HAVE_SYS_STAT_H 1
| #define HAVE_STDLIB_H 1
| #define HAVE_STRING_H 1
| #define HAVE_MEMORY_H 1
| #define HAVE_STRINGS_H 1
| #define HAVE_INTTYPES_H 1
| #define HAVE_STDINT_H 1
| #define HAVE_UNISTD_H 1
| #define HAVE_DLFCN_H 1
| #define LT_OBJDIR ".libs/"
| #define HAVE___ATTRIBUTE__ 1
| #define STDC_HEADERS 1
| #define PRIuS "lu"
| #define PRIxS "lx"
| #define PRIdS "ld"
| #define HAVE_GETOPT_LONG 1
| #define HAVE_GETOPT 1
| #define HAVE_GETOPT_H 1
| #define HAVE_UTIME_H 1
| #define HAVE_UINT32_T 1
| #define HAVE_U_INT32_T 1
| #define HAVE_UINT64_T 1
| #define HAVE_U_INT64_T 1
| #define HAVE_DIRENT_H 1
| #define HAVE_BYTESWAP_H 1
| #define HAVE_ENDIAN_H 1
| /* end confdefs.h.  */
| #include <machine/endian.h>
configure:11464: result: no
configure:11464: checking for machine/endian.h
configure:11464: result: no
configure:11476: checking sys/endian.h usability
configure:11476: gcc -c -g -O2  conftest.c >&5
conftest.c:72:10: fatal error: sys/endian.h: No such file or directory
   72 | #include <sys/endian.h>
      |          ^~~~~~~~~~~~~~
compilation terminated.
configure:11476: $? = 1
configure: failed program was:
| /* confdefs.h */
| #define PACKAGE_NAME "ctemplate"
| #define PACKAGE_TARNAME "ctemplate"
| #define PACKAGE_VERSION "2.3"
| #define PACKAGE_STRING "ctemplate 2.3"
| #define PACKAGE_BUGREPORT "google-ctemplate@googlegroups.com"
| #define PACKAGE_URL ""
| #define PACKAGE "ctemplate"
| #define VERSION "2.3"
| #define STDC_HEADERS 1
| #define HAVE_SYS_TYPES_H 1
| #define HAVE_SYS_STAT_H 1
| #define HAVE_STDLIB_H 1
| #define HAVE_STRING_H 1
| #define HAVE_MEMORY_H 1
| #define HAVE_STRINGS_H 1
| #define HAVE_INTTYPES_H 1
| #define HAVE_STDINT_H 1
| #define HAVE_UNISTD_H 1
| #define HAVE_DLFCN_H 1
| #define LT_OBJDIR ".libs/"
| #define HAVE___ATTRIBUTE__ 1
| #define STDC_HEADERS 1
| #define PRIuS "lu"
| #define PRIxS "lx"
| #define PRIdS "ld"
| #define HAVE_GETOPT_LONG 1
| #define HAVE_GETOPT 1
| #define HAVE_GETOPT_H 1
| #define HAVE_UTIME_H 1
| #define HAVE_UINT32_T 1
| #define HAVE_U_INT32_T 1
| #define HAVE_UINT64_T 1
| #define HAVE_U_INT64_T 1
| #define HAVE_DIRENT_H 1
| #define HAVE_BYTESWAP_H 1
| #define HAVE_ENDIAN_H 1
| /* end confdefs.h.  */
| #include <stdio.h>
| #ifdef HAVE_SYS_TYPES_H
| # include <sys/types.h>
| #endif
| #ifdef HAVE_SYS_STAT_H
| # include <sys/stat.h>
| #endif
| #ifdef STDC_HEADERS
| # include <stdlib.h>
| # include <stddef.h>
| #else
| # ifdef HAVE_STDLIB_H
| #  include <stdlib.h>
| # endif
| #endif
| #ifdef HAVE_STRING_H
| # if !defined STDC_HEADERS && defined HAVE_MEMORY_H
| #  include <memory.h>
| # endif
| # include <string.h>
| #endif
| #ifdef HAVE_STRINGS_H
| # include <strings.h>
| #endif
| #ifdef HAVE_INTTYPES_H
| # include <inttypes.h>
| #endif
| #ifdef HAVE_STDINT_H
| # include <stdint.h>
| #endif
| #ifdef HAVE_UNISTD_H
| # include <unistd.h>
| #endif
| #include <sys/endian.h>
configure:11476: result: no
configure:11476: checking sys/endian.h presence
configure:11476: gcc -E  conftest.c
conftest.c:39:10: fatal error: sys/endian.h: No such file or directory
   39 | #include <sys/endian.h>
      |          ^~~~~~~~~~~~~~
compilation terminated.
configure:11476: $? = 1
configure: failed program was:
| /* confdefs.h */
| #define PACKAGE_NAME "ctemplate"
| #define PACKAGE_TARNAME "ctemplate"
| #define PACKAGE_VERSION "2.3"
| #define PACKAGE_STRING "ctemplate 2.3"
| #define PACKAGE_BUGREPORT "google-ctemplate@googlegroups.com"
| #define PACKAGE_URL ""
| #define PACKAGE "ctemplate"
| #define VERSION "2.3"
| #define STDC_HEADERS 1
| #define HAVE_SYS_TYPES_H 1
| #define HAVE_SYS_STAT_H 1
| #define HAVE_STDLIB_H 1
| #define HAVE_STRING_H 1
| #define HAVE_MEMORY_H 1
| #define HAVE_STRINGS_H 1
| #define HAVE_INTTYPES_H 1
| #define HAVE_STDINT_H 1
| #define HAVE_UNISTD_H 1
| #define HAVE_DLFCN_H 1
| #define LT_OBJDIR ".libs/"
| #define HAVE___ATTRIBUTE__ 1
| #define STDC_HEADERS 1
| #define PRIuS "lu"
| #define PRIxS "lx"
| #define PRIdS "ld"
| #define HAVE_GETOPT_LONG 1
| #define HAVE_GETOPT 1
| #define HAVE_GETOPT_H 1
| #define HAVE_UTIME_H 1
| #define HAVE_UINT32_T 1
| #define HAVE_U_INT32_T 1
| #define HAVE_UINT64_T 1
| #define HAVE_U_INT64_T 1
| #define HAVE_DIRENT_H 1
| #define HAVE_BYTESWAP_H 1
| #define HAVE_ENDIAN_H 1
| /* end confdefs.h.  */
| #include <sys/endian.h>
configure:11476: result: no
configure:11476: checking for sys/endian.h
configure:11476: result: no
configure:11488: checking sys/isa_defs.h usability
configure:11488: gcc -c -g -O2  conftest.c >&5
conftest.c:72:10: fatal error: sys/isa_defs.h: No such file or directory
   72 | #include <sys/isa_defs.h>
      |          ^~~~~~~~~~~~~~~~
compilation terminated.
configure:11488: $? = 1
configure: failed program was:
| /* confdefs.h */
| #define PACKAGE_NAME "ctemplate"
| #define PACKAGE_TARNAME "ctemplate"
| #define PACKAGE_VERSION "2.3"
| #define PACKAGE_STRING "ctemplate 2.3"
| #define PACKAGE_BUGREPORT "google-ctemplate@googlegroups.com"
| #define PACKAGE_URL ""
| #define PACKAGE "ctemplate"
| #define VERSION "2.3"
| #define STDC_HEADERS 1
| #define HAVE_SYS_TYPES_H 1
| #define HAVE_SYS_STAT_H 1
| #define HAVE_STDLIB_H 1
| #define HAVE_STRING_H 1
| #define HAVE_MEMORY_H 1
| #define HAVE_STRINGS_H 1
| #define HAVE_INTTYPES_H 1
| #define HAVE_STDINT_H 1
| #define HAVE_UNISTD_H 1
| #define HAVE_DLFCN_H 1
| #define LT_OBJDIR ".libs/"
| #define HAVE___ATTRIBUTE__ 1
| #define STDC_HEADERS 1
| #define PRIuS "lu"
| #define PRIxS "lx"
| #define PRIdS "ld"
| #define HAVE_GETOPT_LONG 1
| #define HAVE_GETOPT 1
| #define HAVE_GETOPT_H 1
| #define HAVE_UTIME_H 1
| #define HAVE_UINT32_T 1
| #define HAVE_U_INT32_T 1
| #define HAVE_UINT64_T 1
| #define HAVE_U_INT64_T 1
| #define HAVE_DIRENT_H 1
| #define HAVE_BYTESWAP_H 1
| #define HAVE_ENDIAN_H 1
| /* end confdefs.h.  */
| #include <stdio.h>
| #ifdef HAVE_SYS_TYPES_H
| # include <sys/types.h>
| #endif
| #ifdef HAVE_SYS_STAT_H
| # include <sys/stat.h>
| #endif
| #ifdef STDC_HEADERS
| # include <stdlib.h>
| # include <stddef.h>
| #else
| # ifdef HAVE_STDLIB_H
| #  include <stdlib.h>
| # endif
| #endif
| #ifdef HAVE_STRING_H
| # if !defined STDC_HEADERS && defined HAVE_MEMORY_H
| #  include <memory.h>
| # endif
| # include <string.h>
| #endif
| #ifdef HAVE_STRINGS_H
| # include <strings.h>
| #endif
| #ifdef HAVE_INTTYPES_H
| # include <inttypes.h>
| #endif
| #ifdef HAVE_STDINT_H
| # include <stdint.h>
| #endif
| #ifdef HAVE_UNISTD_H
| # include <unistd.h>
| #endif
| #include <sys/isa_defs.h>
configure:11488: result: no
configure:11488: checking sys/isa_defs.h presence
configure:11488: gcc -E  conftest.c
conftest.c:39:10: fatal error: sys/isa_defs.h: No such file or directory
   39 | #include <sys/isa_defs.h>
      |          ^~~~~~~~~~~~~~~~
compilation terminated.
configure:11488: $? = 1
configure: failed program was:
| /* confdefs.h */
| #define PACKAGE_NAME "ctemplate"
| #define PACKAGE_TARNAME "ctemplate"
| #define PACKAGE_VERSION "2.3"
| #define PACKAGE_STRING "ctemplate 2.3"
| #define PACKAGE_BUGREPORT "google-ctemplate@googlegroups.com"
| #define PACKAGE_URL ""
| #define PACKAGE "ctemplate"
| #define VERSION "2.3"
| #define STDC_HEADERS 1
| #define HAVE_SYS_TYPES_H 1
| #define HAVE_SYS_STAT_H 1
| #define HAVE_STDLIB_H 1
| #define HAVE_STRING_H 1
| #define HAVE_MEMORY_H 1
| #define HAVE_STRINGS_H 1
| #define HAVE_INTTYPES_H 1
| #define HAVE_STDINT_H 1
| #define HAVE_UNISTD_H 1
| #define HAVE_DLFCN_H 1
| #define LT_OBJDIR ".libs/"
| #define HAVE___ATTRIBUTE__ 1
| #define STDC_HEADERS 1
| #define PRIuS "lu"
| #define PRIxS "lx"
| #define PRIdS "ld"
| #define HAVE_GETOPT_LONG 1
| #define HAVE_GETOPT 1
| #define HAVE_GETOPT_H 1
| #define HAVE_UTIME_H 1
| #define HAVE_UINT32_T 1
| #define HAVE_U_INT32_T 1
| #define HAVE_UINT64_T 1
| #define HAVE_U_INT64_T 1
| #define HAVE_DIRENT_H 1
| #define HAVE_BYTESWAP_H 1
| #define HAVE_ENDIAN_H 1
| /* end confdefs.h.  */
| #include <sys/isa_defs.h>
configure:11488: result: no
configure:11488: checking for sys/isa_defs.h
configure:11488: result: no
configure:11665: checking for the pthreads library -lpthreads
configure:11698: gcc -o conftest -g -O2    conftest.c -lpthreads  >&5
conftest.c: In function 'main':
conftest.c:44:22: warning: null argument where non-null required (argument 1) [-Wnonnull]
   44 |                      pthread_attr_init(0); pthread_cleanup_push(0, 0);
      |                      ^~~~~~~~~~~~~~~~~
conftest.c:45:22: warning: null argument where non-null required (argument 1) [-Wnonnull]
   45 |                      pthread_create(0,0,0,0); pthread_cleanup_pop(0);
      |                      ^~~~~~~~~~~~~~
conftest.c:45:22: warning: null argument where non-null required (argument 3) [-Wnonnull]
/usr/bin/ld: cannot find -lpthreads
collect2: error: ld returned 1 exit status
configure:11698: $? = 1
configure: failed program was:
| /* confdefs.h */
| #define PACKAGE_NAME "ctemplate"
| #define PACKAGE_TARNAME "ctemplate"
| #define PACKAGE_VERSION "2.3"
| #define PACKAGE_STRING "ctemplate 2.3"
| #define PACKAGE_BUGREPORT "google-ctemplate@googlegroups.com"
| #define PACKAGE_URL ""
| #define PACKAGE "ctemplate"
| #define VERSION "2.3"
| #define STDC_HEADERS 1
| #define HAVE_SYS_TYPES_H 1
| #define HAVE_SYS_STAT_H 1
| #define HAVE_STDLIB_H 1
| #define HAVE_STRING_H 1
| #define HAVE_MEMORY_H 1
| #define HAVE_STRINGS_H 1
| #define HAVE_INTTYPES_H 1
| #define HAVE_STDINT_H 1
| #define HAVE_UNISTD_H 1
| #define HAVE_DLFCN_H 1
| #define LT_OBJDIR ".libs/"
| #define HAVE___ATTRIBUTE__ 1
| #define STDC_HEADERS 1
| #define PRIuS "lu"
| #define PRIxS "lx"
| #define PRIdS "ld"
| #define HAVE_GETOPT_LONG 1
| #define HAVE_GETOPT 1
| #define HAVE_GETOPT_H 1
| #define HAVE_UTIME_H 1
| #define HAVE_UINT32_T 1
| #define HAVE_U_INT32_T 1
| #define HAVE_UINT64_T 1
| #define HAVE_U_INT64_T 1
| #define HAVE_DIRENT_H 1
| #define HAVE_BYTESWAP_H 1
| #define HAVE_ENDIAN_H 1
| /* end confdefs.h.  */
| #include <pthread.h>
| int
| main ()
| {
| pthread_t th; pthread_join(th, 0);
|                      pthread_attr_init(0); pthread_cleanup_push(0, 0);
|                      pthread_create(0,0,0,0); pthread_cleanup_pop(0);
|   ;
|   return 0;
| }
configure:11707: result: no
configure:11610: checking whether pthreads work without any flags
configure:11698: gcc -o conftest -g -O2    conftest.c   >&5
conftest.c: In function 'main':
conftest.c:44:22: warning: null argument where non-null required (argument 1) [-Wnonnull]
   44 |                      pthread_attr_init(0); pthread_cleanup_push(0, 0);
      |                      ^~~~~~~~~~~~~~~~~
conftest.c:45:22: warning: null argument where non-null required (argument 1) [-Wnonnull]
   45 |                      pthread_create(0,0,0,0); pthread_cleanup_pop(0);
      |                      ^~~~~~~~~~~~~~
conftest.c:45:22: warning: null argument where non-null required (argument 3) [-Wnonnull]
/usr/bin/ld: /tmp/ccwIwFXw.o: in function `main':
/home/ioannis/Documents/UCL_project/code_development/GPU_code/github_GPU_Hemepure_GPU_BSD/HemePure_GPU_BSD/dep/build/CTemplate-prefix/src/CTemplate/conftest.c:43: undefined reference to `pthread_join'
/usr/bin/ld: /home/ioannis/Documents/UCL_project/code_development/GPU_code/github_GPU_Hemepure_GPU_BSD/HemePure_GPU_BSD/dep/build/CTemplate-prefix/src/CTemplate/conftest.c:44: undefined reference to `__pthread_register_cancel'
/usr/bin/ld: /home/ioannis/Documents/UCL_project/code_development/GPU_code/github_GPU_Hemepure_GPU_BSD/HemePure_GPU_BSD/dep/build/CTemplate-prefix/src/CTemplate/conftest.c:45: undefined reference to `pthread_create'
/usr/bin/ld: /home/ioannis/Documents/UCL_project/code_development/GPU_code/github_GPU_Hemepure_GPU_BSD/HemePure_GPU_BSD/dep/build/CTemplate-prefix/src/CTemplate/conftest.c:45: undefined reference to `__pthread_unregister_cancel'
collect2: error: ld returned 1 exit status
configure:11698: $? = 1
configure: failed program was:
| /* confdefs.h */
| #define PACKAGE_NAME "ctemplate"
| #define PACKAGE_TARNAME "ctemplate"
| #define PACKAGE_VERSION "2.3"
| #define PACKAGE_STRING "ctemplate 2.3"
| #define PACKAGE_BUGREPORT "google-ctemplate@googlegroups.com"
| #define PACKAGE_URL ""
| #define PACKAGE "ctemplate"
| #define VERSION "2.3"
| #define STDC_HEADERS 1
| #define HAVE_SYS_TYPES_H 1
| #define HAVE_SYS_STAT_H 1
| #define HAVE_STDLIB_H 1
| #define HAVE_STRING_H 1
| #define HAVE_MEMORY_H 1
| #define HAVE_STRINGS_H 1
| #define HAVE_INTTYPES_H 1
| #define HAVE_STDINT_H 1
| #define HAVE_UNISTD_H 1
| #define HAVE_DLFCN_H 1
| #define LT_OBJDIR ".libs/"
| #define HAVE___ATTRIBUTE__ 1
| #define STDC_HEADERS 1
| #define PRIuS "lu"
| #define PRIxS "lx"
| #define PRIdS "ld"
| #define HAVE_GETOPT_LONG 1
| #define HAVE_GETOPT 1
| #define HAVE_GETOPT_H 1
| #define HAVE_UTIME_H 1
| #define HAVE_UINT32_T 1
| #define HAVE_U_INT32_T 1
| #define HAVE_UINT64_T 1
| #define HAVE_U_INT64_T 1
| #define HAVE_DIRENT_H 1
| #define HAVE_BYTESWAP_H 1
| #define HAVE_ENDIAN_H 1
| /* end confdefs.h.  */
| #include <pthread.h>
| int
| main ()
| {
| pthread_t th; pthread_join(th, 0);
|                      pthread_attr_init(0); pthread_cleanup_push(0, 0);
|                      pthread_create(0,0,0,0); pthread_cleanup_pop(0);
|   ;
|   return 0;
| }
configure:11707: result: no
configure:11615: checking whether pthreads work with -Kthread
configure:11698: gcc -o conftest -g -O2 -Kthread   conftest.c   >&5
gcc: error: unrecognized command-line option '-Kthread'; did you mean '-pthread'?
configure:11698: $? = 1
configure: failed program was:
| /* confdefs.h */
| #define PACKAGE_NAME "ctemplate"
| #define PACKAGE_TARNAME "ctemplate"
| #define PACKAGE_VERSION "2.3"
| #define PACKAGE_STRING "ctemplate 2.3"
| #define PACKAGE_BUGREPORT "google-ctemplate@googlegroups.com"
| #define PACKAGE_URL ""
| #define PACKAGE "ctemplate"
| #define VERSION "2.3"
| #define STDC_HEADERS 1
| #define HAVE_SYS_TYPES_H 1
| #define HAVE_SYS_STAT_H 1
| #define HAVE_STDLIB_H 1
| #define HAVE_STRING_H 1
| #define HAVE_MEMORY_H 1
| #define HAVE_STRINGS_H 1
| #define HAVE_INTTYPES_H 1
| #define HAVE_STDINT_H 1
| #define HAVE_UNISTD_H 1
| #define HAVE_DLFCN_H 1
| #define LT_OBJDIR ".libs/"
| #define HAVE___ATTRIBUTE__ 1
| #define STDC_HEADERS 1
| #define PRIuS "lu"
| #define PRIxS "lx"
| #define PRIdS "ld"
| #define HAVE_GETOPT_LONG 1
| #define HAVE_GETOPT 1
| #define HAVE_GETOPT_H 1
| #define HAVE_UTIME_H 1
| #define HAVE_UINT32_T 1
| #define HAVE_U_INT32_T 1
| #define HAVE_UINT64_T 1
| #define HAVE_U_INT64_T 1
| #define HAVE_DIRENT_H 1
| #define HAVE_BYTESWAP_H 1
| #define HAVE_ENDIAN_H 1
| /* end confdefs.h.  */
| #include <pthread.h>
| int
| main ()
| {
| pthread_t th; pthread_join(th, 0);
|                      pthread_attr_init(0); pthread_cleanup_push(0, 0);
|                      pthread_create(0,0,0,0); pthread_cleanup_pop(0);
|   ;
|   return 0;
| }
configure:11707: result: no
configure:11615: checking whether pthreads work with -kthread
configure:11698: gcc -o conftest -g -O2 -kthread   conftest.c   >&5
gcc: error: unrecognized command-line option '-kthread'; did you mean '-pthread'?
configure:11698: $? = 1
configure: failed program was:
| /* confdefs.h */
| #define PACKAGE_NAME "ctemplate"
| #define PACKAGE_TARNAME "ctemplate"
| #define PACKAGE_VERSION "2.3"
| #define PACKAGE_STRING "ctemplate 2.3"
| #define PACKAGE_BUGREPORT "google-ctemplate@googlegroups.com"
| #define PACKAGE_URL ""
| #define PACKAGE "ctemplate"
| #define VERSION "2.3"
| #define STDC_HEADERS 1
| #define HAVE_SYS_TYPES_H 1
| #define HAVE_SYS_STAT_H 1
| #define HAVE_STDLIB_H 1
| #define HAVE_STRING_H 1
| #define HAVE_MEMORY_H 1
| #define HAVE_STRINGS_H 1
| #define HAVE_INTTYPES_H 1
| #define HAVE_STDINT_H 1
| #define HAVE_UNISTD_H 1
| #define HAVE_DLFCN_H 1
| #define LT_OBJDIR ".libs/"
| #define HAVE___ATTRIBUTE__ 1
| #define STDC_HEADERS 1
| #define PRIuS "lu"
| #define PRIxS "lx"
| #define PRIdS "ld"
| #define HAVE_GETOPT_LONG 1
| #define HAVE_GETOPT 1
| #define HAVE_GETOPT_H 1
| #define HAVE_UTIME_H 1
| #define HAVE_UINT32_T 1
| #define HAVE_U_INT32_T 1
| #define HAVE_UINT64_T 1
| #define HAVE_U_INT64_T 1
| #define HAVE_DIRENT_H 1
| #define HAVE_BYTESWAP_H 1
| #define HAVE_ENDIAN_H 1
| /* end confdefs.h.  */
| #include <pthread.h>
| int
| main ()
| {
| pthread_t th; pthread_join(th, 0);
|                      pthread_attr_init(0); pthread_cleanup_push(0, 0);
|                      pthread_create(0,0,0,0); pthread_cleanup_pop(0);
|   ;
|   return 0;
| }
configure:11707: result: no
configure:11665: checking for the pthreads library -llthread
configure:11698: gcc -o conftest -g -O2    conftest.c -llthread  >&5
conftest.c: In function 'main':
conftest.c:44:22: warning: null argument where non-null required (argument 1) [-Wnonnull]
   44 |                      pthread_attr_init(0); pthread_cleanup_push(0, 0);
      |                      ^~~~~~~~~~~~~~~~~
conftest.c:45:22: warning: null argument where non-null required (argument 1) [-Wnonnull]
   45 |                      pthread_create(0,0,0,0); pthread_cleanup_pop(0);
      |                      ^~~~~~~~~~~~~~
conftest.c:45:22: warning: null argument where non-null required (argument 3) [-Wnonnull]
/usr/bin/ld: cannot find -llthread
collect2: error: ld returned 1 exit status
configure:11698: $? = 1
configure: failed program was:
| /* confdefs.h */
| #define PACKAGE_NAME "ctemplate"
| #define PACKAGE_TARNAME "ctemplate"
| #define PACKAGE_VERSION "2.3"
| #define PACKAGE_STRING "ctemplate 2.3"
| #define PACKAGE_BUGREPORT "google-ctemplate@googlegroups.com"
| #define PACKAGE_URL ""
| #define PACKAGE "ctemplate"
| #define VERSION "2.3"
| #define STDC_HEADERS 1
| #define HAVE_SYS_TYPES_H 1
| #define HAVE_SYS_STAT_H 1
| #define HAVE_STDLIB_H 1
| #define HAVE_STRING_H 1
| #define HAVE_MEMORY_H 1
| #define HAVE_STRINGS_H 1
| #define HAVE_INTTYPES_H 1
| #define HAVE_STDINT_H 1
| #define HAVE_UNISTD_H 1
| #define HAVE_DLFCN_H 1
| #define LT_OBJDIR ".libs/"
| #define HAVE___ATTRIBUTE__ 1
| #define STDC_HEADERS 1
| #define PRIuS "lu"
| #define PRIxS "lx"
| #define PRIdS "ld"
| #define HAVE_GETOPT_LONG 1
| #define HAVE_GETOPT 1
| #define HAVE_GETOPT_H 1
| #define HAVE_UTIME_H 1
| #define HAVE_UINT32_T 1
| #define HAVE_U_INT32_T 1
| #define HAVE_UINT64_T 1
| #define HAVE_U_INT64_T 1
| #define HAVE_DIRENT_H 1
| #define HAVE_BYTESWAP_H 1
| #define HAVE_ENDIAN_H 1
| /* end confdefs.h.  */
| #include <pthread.h>
| int
| main ()
| {
| pthread_t th; pthread_join(th, 0);
|                      pthread_attr_init(0); pthread_cleanup_push(0, 0);
|                      pthread_create(0,0,0,0); pthread_cleanup_pop(0);
|   ;
|   return 0;
| }
configure:11707: result: no
configure:11615: checking whether pthreads work with -pthread
configure:11698: gcc -o conftest -g -O2 -pthread   conftest.c   >&5
conftest.c: In function 'main':
conftest.c:44:22: warning: null argument where non-null required (argument 1) [-Wnonnull]
   44 |                      pthread_attr_init(0); pthread_cleanup_push(0, 0);
      |                      ^~~~~~~~~~~~~~~~~
conftest.c:45:22: warning: null argument where non-null required (argument 1) [-Wnonnull]
   45 |                      pthread_create(0,0,0,0); pthread_cleanup_pop(0);
      |                      ^~~~~~~~~~~~~~
conftest.c:45:22: warning: null argument where non-null required (argument 3) [-Wnonnull]
configure:11698: $? = 0
configure:11707: result: yes
configure:11726: checking for joinable pthread attribute
configure:11741: gcc -o conftest -g -O2 -pthread   conftest.c   >&5
configure:11741: $? = 0
configure:11747: result: PTHREAD_CREATE_JOINABLE
configure:11757: checking if more special flags are required for pthreads
configure:11764: result: no
configure:11853: checking whether to check for GCC pthread/shared inconsistencies
configure:11866: gcc -o conftest -shared -fPIC -Wl,-z,defs -g -O2 -pthread   conftest.c   >&5
configure:11866: $? = 0
configure:11878: result: yes
configure:11884: checking whether -pthread is sufficient with -shared
configure:11899: gcc -o conftest -shared -fPIC -Wl,-z,defs -g -O2 -pthread   conftest.c   >&5
conftest.c: In function 'main':
conftest.c:44:8: warning: null argument where non-null required (argument 1) [-Wnonnull]
   44 |        pthread_attr_init(0); pthread_cleanup_push(0, 0);
      |        ^~~~~~~~~~~~~~~~~
conftest.c:45:8: warning: null argument where non-null required (argument 1) [-Wnonnull]
   45 |        pthread_create(0,0,0,0); pthread_cleanup_pop(0);
      |        ^~~~~~~~~~~~~~
conftest.c:45:8: warning: null argument where non-null required (argument 3) [-Wnonnull]
configure:11899: $? = 0
configure:11906: result: yes
configure:11994: checking whether what we have so far is sufficient with -nostdlib
configure:12012: gcc -o conftest -nostdlib -shared -fPIC -Wl,-z,defs -g -O2 -pthread   conftest.c   -lc >&5
conftest.c: In function 'main':
conftest.c:44:9: warning: null argument where non-null required (argument 1) [-Wnonnull]
   44 |         pthread_attr_init(0); pthread_cleanup_push(0, 0);
      |         ^~~~~~~~~~~~~~~~~
conftest.c:45:9: warning: null argument where non-null required (argument 1) [-Wnonnull]
   45 |         pthread_create(0,0,0,0); pthread_cleanup_pop(0);
      |         ^~~~~~~~~~~~~~
conftest.c:45:9: warning: null argument where non-null required (argument 3) [-Wnonnull]
/usr/bin/ld: /tmp/ccf2OoSN.o: in function `main':
/home/ioannis/Documents/UCL_project/code_development/GPU_code/github_GPU_Hemepure_GPU_BSD/HemePure_GPU_BSD/dep/build/CTemplate-prefix/src/CTemplate/conftest.c:43: undefined reference to `pthread_join'
/usr/bin/ld: /home/ioannis/Documents/UCL_project/code_development/GPU_code/github_GPU_Hemepure_GPU_BSD/HemePure_GPU_BSD/dep/build/CTemplate-prefix/src/CTemplate/conftest.c:44: undefined reference to `__pthread_register_cancel'
/usr/bin/ld: /home/ioannis/Documents/UCL_project/code_development/GPU_code/github_GPU_Hemepure_GPU_BSD/HemePure_GPU_BSD/dep/build/CTemplate-prefix/src/CTemplate/conftest.c:45: undefined reference to `pthread_create'
/usr/bin/ld: /home/ioannis/Documents/UCL_project/code_development/GPU_code/github_GPU_Hemepure_GPU_BSD/HemePure_GPU_BSD/dep/build/CTemplate-prefix/src/CTemplate/conftest.c:45: undefined reference to `__pthread_unregister_cancel'
collect2: error: ld returned 1 exit status
configure:12012: $? = 1
configure: failed program was:
| /* confdefs.h */
| #define PACKAGE_NAME "ctemplate"
| #define PACKAGE_TARNAME "ctemplate"
| #define PACKAGE_VERSION "2.3"
| #define PACKAGE_STRING "ctemplate 2.3"
| #define PACKAGE_BUGREPORT "google-ctemplate@googlegroups.com"
| #define PACKAGE_URL ""
| #define PACKAGE "ctemplate"
| #define VERSION "2.3"
| #define STDC_HEADERS 1
| #define HAVE_SYS_TYPES_H 1
| #define HAVE_SYS_STAT_H 1
| #define HAVE_STDLIB_H 1
| #define HAVE_STRING_H 1
| #define HAVE_MEMORY_H 1
| #define HAVE_STRINGS_H 1
| #define HAVE_INTTYPES_H 1
| #define HAVE_STDINT_H 1
| #define HAVE_UNISTD_H 1
| #define HAVE_DLFCN_H 1
| #define LT_OBJDIR ".libs/"
| #define HAVE___ATTRIBUTE__ 1
| #define STDC_HEADERS 1
| #define PRIuS "lu"
| #define PRIxS "lx"
| #define PRIdS "ld"
| #define HAVE_GETOPT_LONG 1
| #define HAVE_GETOPT 1
| #define HAVE_GETOPT_H 1
| #define HAVE_UTIME_H 1
| #define HAVE_UINT32_T 1
| #define HAVE_U_INT32_T 1
| #define HAVE_UINT64_T 1
| #define HAVE_U_INT64_T 1
| #define HAVE_DIRENT_H 1
| #define HAVE_BYTESWAP_H 1
| #define HAVE_ENDIAN_H 1
| /* end confdefs.h.  */
| #include <pthread.h>
| int
| main ()
| {
| pthread_t th; pthread_join(th, 0);
| 	       pthread_attr_init(0); pthread_cleanup_push(0, 0);
| 	       pthread_create(0,0,0,0); pthread_cleanup_pop(0);
|   ;
|   return 0;
| }
configure:12024: result: no
configure:12029: checking whether -lpthread saves the day
configure:12045: gcc -o conftest -nostdlib -shared -fPIC -Wl,-z,defs -g -O2 -pthread   conftest.c -lpthread   -lc >&5
conftest.c: In function 'main':
conftest.c:44:9: warning: null argument where non-null required (argument 1) [-Wnonnull]
   44 |         pthread_attr_init(0); pthread_cleanup_push(0, 0);
      |         ^~~~~~~~~~~~~~~~~
conftest.c:45:9: warning: null argument where non-null required (argument 1) [-Wnonnull]
   45 |         pthread_create(0,0,0,0); pthread_cleanup_pop(0);
      |         ^~~~~~~~~~~~~~
conftest.c:45:9: warning: null argument where non-null required (argument 3) [-Wnonnull]
configure:12045: $? = 0
configure:12054: result: yes
configure:12097: checking support for pthread_rwlock_* functions
configure:12126: gcc -c -g -O2  conftest.c >&5
configure:12126: $? = 0
configure:12140: result: yes
configure:12153: checking whether first argument to InterlockedExchange omits volatile
configure:12176: g++ -c -g -O2  conftest.cpp >&5
conftest.cpp:41:10: fatal error: windows.h: No such file or directory
   41 | #include <windows.h>
      |          ^~~~~~~~~~~
compilation terminated.
configure:12176: $? = 1
configure: failed program was:
| /* confdefs.h */
| #define PACKAGE_NAME "ctemplate"
| #define PACKAGE_TARNAME "ctemplate"
| #define PACKAGE_VERSION "2.3"
| #define PACKAGE_STRING "ctemplate 2.3"
| #define PACKAGE_BUGREPORT "google-ctemplate@googlegroups.com"
| #define PACKAGE_URL ""
| #define PACKAGE "ctemplate"
| #define VERSION "2.3"
| #define STDC_HEADERS 1
| #define HAVE_SYS_TYPES_H 1
| #define HAVE_SYS_STAT_H 1
| #define HAVE_STDLIB_H 1
| #define HAVE_STRING_H 1
| #define HAVE_MEMORY_H 1
| #define HAVE_STRINGS_H 1
| #define HAVE_INTTYPES_H 1
| #define HAVE_STDINT_H 1
| #define HAVE_UNISTD_H 1
| #define HAVE_DLFCN_H 1
| #define LT_OBJDIR ".libs/"
| #define HAVE___ATTRIBUTE__ 1
| #define STDC_HEADERS 1
| #define PRIuS "lu"
| #define PRIxS "lx"
| #define PRIdS "ld"
| #define HAVE_GETOPT_LONG 1
| #define HAVE_GETOPT 1
| #define HAVE_GETOPT_H 1
| #define HAVE_UTIME_H 1
| #define HAVE_UINT32_T 1
| #define HAVE_U_INT32_T 1
| #define HAVE_UINT64_T 1
| #define HAVE_U_INT64_T 1
| #define HAVE_DIRENT_H 1
| #define HAVE_BYTESWAP_H 1
| #define HAVE_ENDIAN_H 1
| #define HAVE_PTHREAD 1
| #define HAVE_RWLOCK 1
| /* end confdefs.h.  */
| #include <windows.h>
| int
| main ()
| {
| volatile LONG once; InterlockedExchange(&once,  1);
|   ;
|   return 0;
| }
configure:12196: result: yes
configure:12202: checking whether the compiler implements namespaces
configure:12226: g++ -c -g -O2  conftest.cpp >&5
configure:12226: $? = 0
configure:12239: result: yes
configure:12246: checking what namespace STL code is in
configure:12270: g++ -c -g -O2  conftest.cpp >&5
conftest.cpp: In function 'int main()':
conftest.cpp:47:1: error: 'vector' was not declared in this scope; did you mean 'std::vector'?
   47 | vector<int> t; return 0;
      | ^~~~~~
      | std::vector
In file included from /usr/include/c++/10/vector:67,
                 from conftest.cpp:43:
/usr/include/c++/10/bits/stl_vector.h:389:11: note: 'std::vector' declared here
  389 |     class vector : protected _Vector_base<_Tp, _Alloc>
      |           ^~~~~~
conftest.cpp:47:8: error: expected primary-expression before 'int'
   47 | vector<int> t; return 0;
      |        ^~~
configure:12270: $? = 1
configure: failed program was:
| /* confdefs.h */
| #define PACKAGE_NAME "ctemplate"
| #define PACKAGE_TARNAME "ctemplate"
| #define PACKAGE_VERSION "2.3"
| #define PACKAGE_STRING "ctemplate 2.3"
| #define PACKAGE_BUGREPORT "google-ctemplate@googlegroups.com"
| #define PACKAGE_URL ""
| #define PACKAGE "ctemplate"
| #define VERSION "2.3"
| #define STDC_HEADERS 1
| #define HAVE_SYS_TYPES_H 1
| #define HAVE_SYS_STAT_H 1
| #define HAVE_STDLIB_H 1
| #define HAVE_STRING_H 1
| #define HAVE_MEMORY_H 1
| #define HAVE_STRINGS_H 1
| #define HAVE_INTTYPES_H 1
| #define HAVE_STDINT_H 1
| #define HAVE_UNISTD_H 1
| #define HAVE_DLFCN_H 1
| #define LT_OBJDIR ".libs/"
| #define HAVE___ATTRIBUTE__ 1
| #define STDC_HEADERS 1
| #define PRIuS "lu"
| #define PRIxS "lx"
| #define PRIdS "ld"
| #define HAVE_GETOPT_LONG 1
| #define HAVE_GETOPT 1
| #define HAVE_GETOPT_H 1
| #define HAVE_UTIME_H 1
| #define HAVE_UINT32_T 1
| #define HAVE_U_INT32_T 1
| #define HAVE_UINT64_T 1
| #define HAVE_U_INT64_T 1
| #define HAVE_DIRENT_H 1
| #define HAVE_BYTESWAP_H 1
| #define HAVE_ENDIAN_H 1
| #define HAVE_PTHREAD 1
| #define HAVE_RWLOCK 1
| #define INTERLOCKED_EXCHANGE_NONVOLATILE 1
| #define HAVE_NAMESPACES 1
| /* end confdefs.h.  */
| #include <vector>
| int
| main ()
| {
| vector<int> t; return 0;
|   ;
|   return 0;
| }
configure:12285: g++ -c -g -O2  conftest.cpp >&5
configure:12285: $? = 0
configure:12296: result: std
configure:12349: checking the location of hash_map
configure:12375: g++ -c -g -O2  conftest.cpp >&5
configure:12375: $? = 0
configure:12397: g++ -c -g -O2  conftest.cpp >&5
configure:12397: $? = 0
configure:12458: result: <unordered_map>
configure:12542: g++ -o conftest -g -O2   conftest.cpp  >&5
configure:12542: $? = 0
configure:12711: creating ./config.status

## ---------------------- ##
## Running config.status. ##
## ---------------------- ##

This file was extended by ctemplate config.status 2.3, which was
generated by GNU Autoconf 2.69.  Invocation command line was

  CONFIG_FILES    = 
  CONFIG_HEADERS  = 
  CONFIG_LINKS    = 
  CONFIG_COMMANDS = 
  $ ./config.status 

on ioannis-Vostro-7590

config.status:1198: creating Makefile
config.status:1198: creating src/ctemplate/template_string.h
config.status:1198: creating src/ctemplate/template_enums.h
config.status:1198: creating src/ctemplate/template.h
config.status:1198: creating src/ctemplate/template_cache.h
config.status:1198: creating src/ctemplate/template_modifiers.h
config.status:1198: creating src/ctemplate/template_emitter.h
config.status:1198: creating src/ctemplate/template_annotator.h
config.status:1198: creating src/ctemplate/template_dictionary.h
config.status:1198: creating src/ctemplate/template_pathops.h
config.status:1198: creating src/ctemplate/template_namelist.h
config.status:1198: creating src/ctemplate/find_ptr.h
config.status:1198: creating src/ctemplate/per_expand_data.h
config.status:1198: creating src/ctemplate/str_ref.h
config.status:1198: creating src/ctemplate/template_dictionary_interface.h
config.status:1198: creating src/config.h
config.status:1427: executing depfiles commands
config.status:1427: executing libtool commands

## ---------------- ##
## Cache variables. ##
## ---------------- ##

ac_cv___attribute__=yes
ac_cv_build=x86_64-unknown-linux-gnu
ac_cv_c_compiler_gnu=yes
ac_cv_cxx_compiler_gnu=yes
ac_cv_cxx_hash_map='<unordered_map>'
ac_cv_cxx_hash_map_class=std::unordered_map
ac_cv_cxx_hash_namespace=std
ac_cv_cxx_hash_set='<unordered_set>'
ac_cv_cxx_hash_set_class=std::unordered_set
ac_cv_cxx_have_unordered_map=yes
ac_cv_cxx_namespaces=yes
ac_cv_cxx_stl_namespace=std
ac_cv_env_CCC_set=
ac_cv_env_CCC_value=
ac_cv_env_CC_set=
ac_cv_env_CC_value=
ac_cv_env_CFLAGS_set=
ac_cv_env_CFLAGS_value=
ac_cv_env_CPPFLAGS_set=
ac_cv_env_CPPFLAGS_value=
ac_cv_env_CPP_set=
ac_cv_env_CPP_value=
ac_cv_env_CXXCPP_set=
ac_cv_env_CXXCPP_value=
ac_cv_env_CXXFLAGS_set=
ac_cv_env_CXXFLAGS_value=
ac_cv_env_CXX_set=
ac_cv_env_CXX_value=
ac_cv_env_LDFLAGS_set=
ac_cv_env_LDFLAGS_value=
ac_cv_env_LIBS_set=
ac_cv_env_LIBS_value=
ac_cv_env_build_alias_set=
ac_cv_env_build_alias_value=
ac_cv_env_host_alias_set=
ac_cv_env_host_alias_value=
ac_cv_env_target_alias_set=
ac_cv_env_target_alias_value=
ac_cv_formatting_prius_prefix=l
ac_cv_func_getopt=yes
ac_cv_func_getopt_long=yes
ac_cv_have_inttypes_h=1
ac_cv_have_stdint_h=1
ac_cv_header_byteswap_h=yes
ac_cv_header_dirent_dirent_h=yes
ac_cv_header_dlfcn_h=yes
ac_cv_header_endian_h=yes
ac_cv_header_getopt_h=yes
ac_cv_header_inttypes_h=yes
ac_cv_header_libkern_OSByteOrder_h=no
ac_cv_header_machine_endian_h=no
ac_cv_header_memory_h=yes
ac_cv_header_stdc=yes
ac_cv_header_stdint_h=yes
ac_cv_header_stdlib_h=yes
ac_cv_header_string_h=yes
ac_cv_header_strings_h=yes
ac_cv_header_sys_byteorder_h=no
ac_cv_header_sys_endian_h=no
ac_cv_header_sys_isa_defs_h=no
ac_cv_header_sys_stat_h=yes
ac_cv_header_sys_types_h=yes
ac_cv_header_unistd_h=yes
ac_cv_header_utime_h=yes
ac_cv_host=x86_64-unknown-linux-gnu
ac_cv_interlocked_exchange_nonvolatile=yes
ac_cv_objext=o
ac_cv_path_EGREP='/bin/grep -E'
ac_cv_path_FGREP='/bin/grep -F'
ac_cv_path_GREP=/bin/grep
ac_cv_path_SED=/bin/sed
ac_cv_path_install='/usr/bin/install -c'
ac_cv_path_mkdir=/bin/mkdir
ac_cv_prius_defined=1
ac_cv_prog_AWK=mawk
ac_cv_prog_CPP='gcc -E'
ac_cv_prog_CXXCPP='g++ -E'
ac_cv_prog_ac_ct_AR=ar
ac_cv_prog_ac_ct_CC=gcc
ac_cv_prog_ac_ct_CXX=g++
ac_cv_prog_ac_ct_OBJDUMP=objdump
ac_cv_prog_ac_ct_RANLIB=ranlib
ac_cv_prog_ac_ct_STRIP=strip
ac_cv_prog_cc_c89=
ac_cv_prog_cc_g=yes
ac_cv_prog_cc_gcc_c_o=yes
ac_cv_prog_cxx_g=yes
ac_cv_prog_make_make_set=yes
ac_cv_rwlock=yes
ac_cv_search_opendir='none required'
ac_cv_type___int32=no
ac_cv_type___int64=no
ac_cv_type_u_int32_t=yes
ac_cv_type_u_int64_t=yes
ac_cv_type_uint32_t=yes
ac_cv_type_uint64_t=yes
ac_cv_uint64=u_int64_t
am_cv_CC_dependencies_compiler_type=gcc3
am_cv_CXX_dependencies_compiler_type=gcc3
am_cv_make_support_nested_variables=yes
lt_cv_deplibs_check_method=pass_all
lt_cv_file_magic_cmd='$MAGIC_CMD'
lt_cv_file_magic_test_file=
lt_cv_ld_reload_flag=-r
lt_cv_nm_interface='BSD nm'
lt_cv_objdir=.libs
lt_cv_path_LD=/usr/bin/ld
lt_cv_path_LDCXX='/usr/bin/ld -m elf_x86_64'
lt_cv_path_NM='/usr/bin/nm -B'
lt_cv_prog_compiler_c_o=yes
lt_cv_prog_compiler_c_o_CXX=yes
lt_cv_prog_compiler_pic_works=yes
lt_cv_prog_compiler_pic_works_CXX=yes
lt_cv_prog_compiler_rtti_exceptions=no
lt_cv_prog_compiler_static_works=yes
lt_cv_prog_compiler_static_works_CXX=yes
lt_cv_prog_gnu_ld=yes
lt_cv_prog_gnu_ldcxx=yes
lt_cv_sys_global_symbol_pipe='sed -n -e '\''s/^.*[	 ]\([ABCDGIRSTW][ABCDGIRSTW]*\)[	 ][	 ]*\([_A-Za-z][_A-Za-z0-9]*\)$/\1 \2 \2/p'\'''
lt_cv_sys_global_symbol_to_c_name_address='sed -n -e '\''s/^: \([^ ]*\) $/  {\"\1\", (void *) 0},/p'\'' -e '\''s/^[ABCDGIRSTW]* \([^ ]*\) \([^ ]*\)$/  {"\2", (void *) \&\2},/p'\'''
lt_cv_sys_global_symbol_to_c_name_address_lib_prefix='sed -n -e '\''s/^: \([^ ]*\) $/  {\"\1\", (void *) 0},/p'\'' -e '\''s/^[ABCDGIRSTW]* \([^ ]*\) \(lib[^ ]*\)$/  {"\2", (void *) \&\2},/p'\'' -e '\''s/^[ABCDGIRSTW]* \([^ ]*\) \([^ ]*\)$/  {"lib\2", (void *) \&\2},/p'\'''
lt_cv_sys_global_symbol_to_cdecl='sed -n -e '\''s/^T .* \(.*\)$/extern int \1();/p'\'' -e '\''s/^[ABCDGIRSTW]* .* \(.*\)$/extern char \1;/p'\'''
lt_cv_sys_max_cmd_len=1572864

## ----------------- ##
## Output variables. ##
## ----------------- ##

ACLOCAL='${SHELL} /home/ioannis/Documents/UCL_project/code_development/GPU_code/github_GPU_Hemepure_GPU_BSD/HemePure_GPU_BSD/dep/build/CTemplate-prefix/src/CTemplate/missing --run aclocal-1.11'
AMDEPBACKSLASH='\'
AMDEP_FALSE='#'
AMDEP_TRUE=''
AMTAR='$${TAR-tar}'
AM_BACKSLASH='\'
AM_DEFAULT_V='$(AM_DEFAULT_VERBOSITY)'
AM_DEFAULT_VERBOSITY='0'
AM_V='$(V)'
AR='ar'
AUTOCONF='${SHELL} /home/ioannis/Documents/UCL_project/code_development/GPU_code/github_GPU_Hemepure_GPU_BSD/HemePure_GPU_BSD/dep/build/CTemplate-prefix/src/CTemplate/missing --run autoconf'
AUTOHEADER='${SHELL} /home/ioannis/Documents/UCL_project/code_development/GPU_code/github_GPU_Hemepure_GPU_BSD/HemePure_GPU_BSD/dep/build/CTemplate-prefix/src/CTemplate/missing --run autoheader'
AUTOMAKE='${SHELL} /home/ioannis/Documents/UCL_project/code_development/GPU_code/github_GPU_Hemepure_GPU_BSD/HemePure_GPU_BSD/dep/build/CTemplate-prefix/src/CTemplate/missing --run automake-1.11'
AWK='mawk'
CC='gcc'
CCDEPMODE='depmode=gcc3'
CFLAGS='-g -O2'
CPP='gcc -E'
CPPFLAGS=''
CXX='g++'
CXXCPP='g++ -E'
CXXDEPMODE='depmode=gcc3'
CXXFLAGS='-g -O2'
CYGPATH_W='echo'
DEFS='-DHAVE_CONFIG_H'
DEPDIR='.deps'
DSYMUTIL=''
DUMPBIN=''
ECHO_C=''
ECHO_N='-n'
ECHO_T=''
EGREP='/bin/grep -E'
EXEEXT=''
FGREP='/bin/grep -F'
GCC_FALSE='#'
GCC_TRUE=''
GREP='/bin/grep'
INSTALL_DATA='${INSTALL} -m 644'
INSTALL_PROGRAM='${INSTALL}'
INSTALL_SCRIPT='${INSTALL}'
INSTALL_STRIP_PROGRAM='$(install_sh) -c -s'
LD='/usr/bin/ld -m elf_x86_64'
LDFLAGS=''
LIBOBJS=''
LIBS=''
LIBTOOL='$(SHELL) $(top_builddir)/libtool'
LIBTOOL_DEPS='./ltmain.sh'
LIPO=''
LN_S='ln -s'
LTLIBOBJS=''
MAKEINFO='${SHELL} /home/ioannis/Documents/UCL_project/code_development/GPU_code/github_GPU_Hemepure_GPU_BSD/HemePure_GPU_BSD/dep/build/CTemplate-prefix/src/CTemplate/missing --run makeinfo'
MINGW_FALSE=''
MINGW_TRUE='#'
MKDIR_P='/bin/mkdir -p'
NM='/usr/bin/nm -B'
NMEDIT=''
OBJDUMP='objdump'
OBJEXT='o'
OTOOL64=''
OTOOL=''
PACKAGE='ctemplate'
PACKAGE_BUGREPORT='google-ctemplate@googlegroups.com'
PACKAGE_NAME='ctemplate'
PACKAGE_STRING='ctemplate 2.3'
PACKAGE_TARNAME='ctemplate'
PACKAGE_URL=''
PACKAGE_VERSION='2.3'
PATH_SEPARATOR=':'
PTHREAD_CC='gcc'
PTHREAD_CFLAGS='-pthread'
PTHREAD_LIBS=' -lpthread'
RANLIB='ranlib'
SED='/bin/sed'
SET_MAKE=''
SHELL='/bin/bash'
SO_VERSION='3:0:0'
STRIP='strip'
VERSION='2.3'
ac_ct_CC='gcc'
ac_ct_CXX='g++'
ac_ct_DUMPBIN=''
ac_cv_cxx_hash_map='<unordered_map>'
ac_cv_cxx_hash_map_class='std::unordered_map'
ac_cv_cxx_hash_set='<unordered_set>'
ac_cv_cxx_hash_set_class='std::unordered_set'
ac_cv_have_inttypes_h='1'
ac_cv_have_stdint_h='1'
ac_cv_uint64='u_int64_t'
ac_google_attribute='1'
ac_google_end_namespace='}'
ac_google_namespace='::ctemplate'
ac_google_start_namespace='namespace ctemplate {'
ac_have_attribute_weak='1'
ac_htmlparser_namespace='google_ctemplate_streamhtmlparser'
ac_windows_dllexport=''
ac_windows_dllexport_defines=''
acx_pthread_config=''
am__EXEEXT_FALSE=''
am__EXEEXT_TRUE='#'
am__fastdepCC_FALSE='#'
am__fastdepCC_TRUE=''
am__fastdepCXX_FALSE='#'
am__fastdepCXX_TRUE=''
am__include='include'
am__isrc=''
am__leading_dot='.'
am__nodep='_no'
am__quote=''
am__tar='$${TAR-tar} chof - "$$tardir"'
am__untar='$${TAR-tar} xf -'
bindir='${exec_prefix}/bin'
build='x86_64-unknown-linux-gnu'
build_alias=''
build_cpu='x86_64'
build_os='linux-gnu'
build_vendor='unknown'
datadir='${datarootdir}'
datarootdir='${prefix}/share'
docdir='${datarootdir}/doc/${PACKAGE_TARNAME}'
dvidir='${docdir}'
exec_prefix='${prefix}'
host='x86_64-unknown-linux-gnu'
host_alias=''
host_cpu='x86_64'
host_os='linux-gnu'
host_vendor='unknown'
htmldir='${docdir}'
includedir='${prefix}/include'
infodir='${datarootdir}/info'
install_sh='${SHELL} /home/ioannis/Documents/UCL_project/code_development/GPU_code/github_GPU_Hemepure_GPU_BSD/HemePure_GPU_BSD/dep/build/CTemplate-prefix/src/CTemplate/install-sh'
libdir='${exec_prefix}/lib'
libexecdir='${exec_prefix}/libexec'
localedir='${datarootdir}/locale'
localstatedir='${prefix}/var'
lt_ECHO='echo'
mandir='${datarootdir}/man'
mkdir_p='/bin/mkdir -p'
oldincludedir='/usr/include'
pdfdir='${docdir}'
prefix='/home/ioannis/Documents/UCL_project/code_development/GPU_code/github_GPU_Hemepure_GPU_BSD/HemePure_GPU_BSD/dep/install'
program_transform_name='s,x,x,'
psdir='${docdir}'
sbindir='${exec_prefix}/sbin'
sharedstatedir='${prefix}/com'
sysconfdir='${prefix}/etc'
target_alias=''

## ----------- ##
## confdefs.h. ##
## ----------- ##

/* confdefs.h */
#define PACKAGE_NAME "ctemplate"
#define PACKAGE_TARNAME "ctemplate"
#define PACKAGE_VERSION "2.3"
#define PACKAGE_STRING "ctemplate 2.3"
#define PACKAGE_BUGREPORT "google-ctemplate@googlegroups.com"
#define PACKAGE_URL ""
#define PACKAGE "ctemplate"
#define VERSION "2.3"
#define STDC_HEADERS 1
#define HAVE_SYS_TYPES_H 1
#define HAVE_SYS_STAT_H 1
#define HAVE_STDLIB_H 1
#define HAVE_STRING_H 1
#define HAVE_MEMORY_H 1
#define HAVE_STRINGS_H 1
#define HAVE_INTTYPES_H 1
#define HAVE_STDINT_H 1
#define HAVE_UNISTD_H 1
#define HAVE_DLFCN_H 1
#define LT_OBJDIR ".libs/"
#define HAVE___ATTRIBUTE__ 1
#define STDC_HEADERS 1
#define PRIuS "lu"
#define PRIxS "lx"
#define PRIdS "ld"
#define HAVE_GETOPT_LONG 1
#define HAVE_GETOPT 1
#define HAVE_GETOPT_H 1
#define HAVE_UTIME_H 1
#define HAVE_UINT32_T 1
#define HAVE_U_INT32_T 1
#define HAVE_UINT64_T 1
#define HAVE_U_INT64_T 1
#define HAVE_DIRENT_H 1
#define HAVE_BYTESWAP_H 1
#define HAVE_ENDIAN_H 1
#define HAVE_PTHREAD 1
#define HAVE_RWLOCK 1
#define INTERLOCKED_EXCHANGE_NONVOLATILE 1
#define HAVE_NAMESPACES 1
#define STL_NAMESPACE std
#define GOOGLE_NAMESPACE ::ctemplate
#define _START_GOOGLE_NAMESPACE_ namespace ctemplate {
#define _END_GOOGLE_NAMESPACE_ }
#define HAVE_HASH_MAP 1
#define HAVE_HASH_SET 1
#define HASH_MAP_H <unordered_map>
#define HASH_SET_H <unordered_set>
#define HASH_NAMESPACE std
#define HAVE_UNORDERED_MAP 1
#define HTMLPARSER_NAMESPACE google_ctemplate_streamhtmlparser

configure: exit 0
